{"/home/bal/labs/svg-editor/js/Ellipse.js": {"path":"/home/bal/labs/svg-editor/js/Ellipse.js","statementMap":{"0":{"start":{"line":3,"column":8},"end":{"line":3,"column":null}},"1":{"start":{"line":4,"column":8},"end":{"line":4,"column":null}},"2":{"start":{"line":5,"column":8},"end":{"line":5,"column":null}},"3":{"start":{"line":6,"column":8},"end":{"line":6,"column":null}},"4":{"start":{"line":7,"column":8},"end":{"line":7,"column":null}},"5":{"start":{"line":11,"column":19},"end":{"line":11,"column":84}},"6":{"start":{"line":12,"column":8},"end":{"line":12,"column":null}},"7":{"start":{"line":13,"column":8},"end":{"line":13,"column":null}},"8":{"start":{"line":14,"column":8},"end":{"line":14,"column":null}},"9":{"start":{"line":15,"column":8},"end":{"line":15,"column":null}},"10":{"start":{"line":16,"column":8},"end":{"line":16,"column":null}},"11":{"start":{"line":17,"column":8},"end":{"line":17,"column":null}},"12":{"start":{"line":18,"column":8},"end":{"line":18,"column":null}},"13":{"start":{"line":19,"column":8},"end":{"line":19,"column":null}},"14":{"start":{"line":23,"column":8},"end":{"line":28,"column":null}},"15":{"start":{"line":24,"column":12},"end":{"line":24,"column":null}},"16":{"start":{"line":25,"column":12},"end":{"line":25,"column":null}},"17":{"start":{"line":26,"column":12},"end":{"line":26,"column":null}},"18":{"start":{"line":27,"column":12},"end":{"line":27,"column":null}},"19":{"start":{"line":32,"column":8},"end":{"line":32,"column":null}},"20":{"start":{"line":33,"column":8},"end":{"line":33,"column":null}},"21":{"start":{"line":34,"column":8},"end":{"line":34,"column":null}},"22":{"start":{"line":35,"column":8},"end":{"line":35,"column":null}},"23":{"start":{"line":39,"column":8},"end":{"line":39,"column":null}},"24":{"start":{"line":40,"column":8},"end":{"line":40,"column":null}},"25":{"start":{"line":41,"column":8},"end":{"line":41,"column":null}},"26":{"start":{"line":42,"column":8},"end":{"line":42,"column":null}},"27":{"start":{"line":46,"column":8},"end":{"line":46,"column":null}},"28":{"start":{"line":47,"column":8},"end":{"line":47,"column":null}},"29":{"start":{"line":48,"column":8},"end":{"line":48,"column":null}},"30":{"start":{"line":49,"column":8},"end":{"line":49,"column":null}},"31":{"start":{"line":50,"column":8},"end":{"line":50,"column":null}},"32":{"start":{"line":51,"column":8},"end":{"line":51,"column":null}},"33":{"start":{"line":55,"column":8},"end":{"line":60,"column":null}},"34":{"start":{"line":64,"column":21},"end":{"line":64,"column":86}},"35":{"start":{"line":65,"column":8},"end":{"line":65,"column":null}},"36":{"start":{"line":66,"column":8},"end":{"line":66,"column":null}}},"fnMap":{"0":{"name":"(anonymous_0)","decl":{"start":{"line":2,"column":4},"end":{"line":2,"column":15}},"loc":{"start":{"line":2,"column":50},"end":{"line":8,"column":null}},"line":2},"1":{"name":"(anonymous_1)","decl":{"start":{"line":10,"column":4},"end":{"line":10,"column":20}},"loc":{"start":{"line":10,"column":23},"end":{"line":20,"column":null}},"line":10},"2":{"name":"(anonymous_2)","decl":{"start":{"line":22,"column":4},"end":{"line":22,"column":17}},"loc":{"start":{"line":22,"column":20},"end":{"line":29,"column":null}},"line":22},"3":{"name":"(anonymous_3)","decl":{"start":{"line":31,"column":4},"end":{"line":31,"column":8}},"loc":{"start":{"line":31,"column":17},"end":{"line":36,"column":null}},"line":31},"4":{"name":"(anonymous_4)","decl":{"start":{"line":38,"column":4},"end":{"line":38,"column":10}},"loc":{"start":{"line":38,"column":17},"end":{"line":43,"column":null}},"line":38},"5":{"name":"(anonymous_5)","decl":{"start":{"line":45,"column":4},"end":{"line":45,"column":10}},"loc":{"start":{"line":45,"column":44},"end":{"line":52,"column":null}},"line":45},"6":{"name":"(anonymous_6)","decl":{"start":{"line":54,"column":4},"end":{"line":54,"column":13}},"loc":{"start":{"line":54,"column":16},"end":{"line":61,"column":null}},"line":54},"7":{"name":"(anonymous_7)","decl":{"start":{"line":63,"column":4},"end":{"line":63,"column":9}},"loc":{"start":{"line":63,"column":23},"end":{"line":67,"column":null}},"line":63}},"branchMap":{"0":{"loc":{"start":{"line":2,"column":16},"end":{"line":2,"column":22}},"type":"default-arg","locations":[{"start":{"line":2,"column":21},"end":{"line":2,"column":22}}],"line":2},"1":{"loc":{"start":{"line":2,"column":24},"end":{"line":2,"column":30}},"type":"default-arg","locations":[{"start":{"line":2,"column":29},"end":{"line":2,"column":30}}],"line":2},"2":{"loc":{"start":{"line":2,"column":32},"end":{"line":2,"column":39}},"type":"default-arg","locations":[{"start":{"line":2,"column":37},"end":{"line":2,"column":39}}],"line":2},"3":{"loc":{"start":{"line":2,"column":41},"end":{"line":2,"column":48}},"type":"default-arg","locations":[{"start":{"line":2,"column":46},"end":{"line":2,"column":48}}],"line":2},"4":{"loc":{"start":{"line":23,"column":8},"end":{"line":28,"column":null}},"type":"if","locations":[{"start":{"line":23,"column":8},"end":{"line":28,"column":null}},{"start":{},"end":{}}],"line":23},"5":{"loc":{"start":{"line":63,"column":10},"end":{"line":63,"column":21}},"type":"default-arg","locations":[{"start":{"line":63,"column":19},"end":{"line":63,"column":21}}],"line":63}},"s":{"0":0,"1":0,"2":0,"3":0,"4":0,"5":0,"6":0,"7":0,"8":0,"9":0,"10":0,"11":0,"12":0,"13":0,"14":0,"15":0,"16":0,"17":0,"18":0,"19":0,"20":0,"21":0,"22":0,"23":0,"24":0,"25":0,"26":0,"27":0,"28":0,"29":0,"30":0,"31":0,"32":0,"33":0,"34":0,"35":0,"36":0},"f":{"0":0,"1":0,"2":0,"3":0,"4":0,"5":0,"6":0,"7":0},"b":{"0":[0],"1":[0],"2":[0],"3":[0],"4":[0,0],"5":[0]},"meta":{"lastBranch":6,"lastFunction":8,"lastStatement":37,"seen":{"f:2:4:2:15":0,"b:2:21:2:22":0,"b:2:29:2:30":1,"b:2:37:2:39":2,"b:2:46:2:48":3,"s:3:8:3:Infinity":0,"s:4:8:4:Infinity":1,"s:5:8:5:Infinity":2,"s:6:8:6:Infinity":3,"s:7:8:7:Infinity":4,"f:10:4:10:20":1,"s:11:19:11:84":5,"s:12:8:12:Infinity":6,"s:13:8:13:Infinity":7,"s:14:8:14:Infinity":8,"s:15:8:15:Infinity":9,"s:16:8:16:Infinity":10,"s:17:8:17:Infinity":11,"s:18:8:18:Infinity":12,"s:19:8:19:Infinity":13,"f:22:4:22:17":2,"b:23:8:28:Infinity:undefined:undefined:undefined:undefined":4,"s:23:8:28:Infinity":14,"s:24:12:24:Infinity":15,"s:25:12:25:Infinity":16,"s:26:12:26:Infinity":17,"s:27:12:27:Infinity":18,"f:31:4:31:8":3,"s:32:8:32:Infinity":19,"s:33:8:33:Infinity":20,"s:34:8:34:Infinity":21,"s:35:8:35:Infinity":22,"f:38:4:38:10":4,"s:39:8:39:Infinity":23,"s:40:8:40:Infinity":24,"s:41:8:41:Infinity":25,"s:42:8:42:Infinity":26,"f:45:4:45:10":5,"s:46:8:46:Infinity":27,"s:47:8:47:Infinity":28,"s:48:8:48:Infinity":29,"s:49:8:49:Infinity":30,"s:50:8:50:Infinity":31,"s:51:8:51:Infinity":32,"f:54:4:54:13":6,"s:55:8:60:Infinity":33,"f:63:4:63:9":7,"b:63:19:63:21":5,"s:64:21:64:86":34,"s:65:8:65:Infinity":35,"s:66:8:66:Infinity":36}}}
,"/home/bal/labs/svg-editor/js/EllipseTool.js": {"path":"/home/bal/labs/svg-editor/js/EllipseTool.js","statementMap":{"0":{"start":{"line":3,"column":8},"end":{"line":3,"column":null}},"1":{"start":{"line":4,"column":8},"end":{"line":4,"column":null}},"2":{"start":{"line":5,"column":8},"end":{"line":5,"column":null}},"3":{"start":{"line":6,"column":8},"end":{"line":6,"column":null}},"4":{"start":{"line":10,"column":8},"end":{"line":10,"column":null}},"5":{"start":{"line":10,"column":51},"end":{"line":10,"column":null}},"6":{"start":{"line":11,"column":8},"end":{"line":11,"column":null}},"7":{"start":{"line":11,"column":38},"end":{"line":11,"column":null}},"8":{"start":{"line":13,"column":8},"end":{"line":13,"column":null}},"9":{"start":{"line":14,"column":8},"end":{"line":14,"column":null}},"10":{"start":{"line":15,"column":8},"end":{"line":15,"column":null}},"11":{"start":{"line":16,"column":8},"end":{"line":16,"column":null}},"12":{"start":{"line":17,"column":8},"end":{"line":17,"column":null}},"13":{"start":{"line":18,"column":8},"end":{"line":18,"column":null}},"14":{"start":{"line":19,"column":8},"end":{"line":19,"column":null}},"15":{"start":{"line":23,"column":8},"end":{"line":23,"column":null}},"16":{"start":{"line":23,"column":53},"end":{"line":23,"column":null}},"17":{"start":{"line":25,"column":22},"end":{"line":25,"column":45}},"18":{"start":{"line":26,"column":23},"end":{"line":26,"column":46}},"19":{"start":{"line":28,"column":21},"end":{"line":28,"column":56}},"20":{"start":{"line":29,"column":21},"end":{"line":29,"column":57}},"21":{"start":{"line":30,"column":25},"end":{"line":30,"column":40}},"22":{"start":{"line":31,"column":26},"end":{"line":31,"column":42}},"23":{"start":{"line":33,"column":8},"end":{"line":33,"column":null}},"24":{"start":{"line":37,"column":8},"end":{"line":49,"column":null}},"25":{"start":{"line":38,"column":12},"end":{"line":38,"column":null}},"26":{"start":{"line":40,"column":27},"end":{"line":40,"column":58}},"27":{"start":{"line":41,"column":12},"end":{"line":45,"column":null}},"28":{"start":{"line":42,"column":16},"end":{"line":42,"column":null}},"29":{"start":{"line":44,"column":16},"end":{"line":44,"column":null}},"30":{"start":{"line":47,"column":12},"end":{"line":47,"column":null}},"31":{"start":{"line":48,"column":12},"end":{"line":48,"column":null}},"32":{"start":{"line":56,"column":8},"end":{"line":58,"column":null}},"33":{"start":{"line":57,"column":12},"end":{"line":57,"column":null}},"34":{"start":{"line":59,"column":8},"end":{"line":59,"column":null}},"35":{"start":{"line":60,"column":8},"end":{"line":60,"column":null}}},"fnMap":{"0":{"name":"(anonymous_0)","decl":{"start":{"line":2,"column":4},"end":{"line":2,"column":15}},"loc":{"start":{"line":2,"column":24},"end":{"line":7,"column":null}},"line":2},"1":{"name":"(anonymous_1)","decl":{"start":{"line":9,"column":4},"end":{"line":9,"column":15}},"loc":{"start":{"line":9,"column":24},"end":{"line":20,"column":null}},"line":9},"2":{"name":"(anonymous_2)","decl":{"start":{"line":22,"column":4},"end":{"line":22,"column":15}},"loc":{"start":{"line":22,"column":24},"end":{"line":34,"column":null}},"line":22},"3":{"name":"(anonymous_3)","decl":{"start":{"line":36,"column":4},"end":{"line":36,"column":13}},"loc":{"start":{"line":36,"column":22},"end":{"line":50,"column":null}},"line":36},"4":{"name":"(anonymous_4)","decl":{"start":{"line":52,"column":4},"end":{"line":52,"column":17}},"loc":{"start":{"line":52,"column":26},"end":{"line":53,"column":null}},"line":52},"5":{"name":"(anonymous_5)","decl":{"start":{"line":55,"column":4},"end":{"line":55,"column":10}},"loc":{"start":{"line":55,"column":13},"end":{"line":61,"column":null}},"line":55}},"branchMap":{"0":{"loc":{"start":{"line":10,"column":8},"end":{"line":10,"column":null}},"type":"if","locations":[{"start":{"line":10,"column":8},"end":{"line":10,"column":null}},{"start":{},"end":{}}],"line":10},"1":{"loc":{"start":{"line":11,"column":8},"end":{"line":11,"column":null}},"type":"if","locations":[{"start":{"line":11,"column":8},"end":{"line":11,"column":null}},{"start":{},"end":{}}],"line":11},"2":{"loc":{"start":{"line":23,"column":8},"end":{"line":23,"column":null}},"type":"if","locations":[{"start":{"line":23,"column":8},"end":{"line":23,"column":null}},{"start":{},"end":{}}],"line":23},"3":{"loc":{"start":{"line":23,"column":12},"end":{"line":23,"column":51}},"type":"binary-expr","locations":[{"start":{"line":23,"column":12},"end":{"line":23,"column":27}},{"start":{"line":23,"column":31},"end":{"line":23,"column":51}}],"line":23},"4":{"loc":{"start":{"line":28,"column":21},"end":{"line":28,"column":56}},"type":"cond-expr","locations":[{"start":{"line":28,"column":33},"end":{"line":28,"column":38}},{"start":{"line":28,"column":41},"end":{"line":28,"column":56}}],"line":28},"5":{"loc":{"start":{"line":29,"column":21},"end":{"line":29,"column":57}},"type":"cond-expr","locations":[{"start":{"line":29,"column":34},"end":{"line":29,"column":39}},{"start":{"line":29,"column":42},"end":{"line":29,"column":57}}],"line":29},"6":{"loc":{"start":{"line":37,"column":8},"end":{"line":49,"column":null}},"type":"if","locations":[{"start":{"line":37,"column":8},"end":{"line":49,"column":null}},{"start":{},"end":{}}],"line":37},"7":{"loc":{"start":{"line":37,"column":12},"end":{"line":37,"column":49}},"type":"binary-expr","locations":[{"start":{"line":37,"column":12},"end":{"line":37,"column":26}},{"start":{"line":37,"column":30},"end":{"line":37,"column":49}}],"line":37},"8":{"loc":{"start":{"line":41,"column":12},"end":{"line":45,"column":null}},"type":"if","locations":[{"start":{"line":41,"column":12},"end":{"line":45,"column":null}},{"start":{"line":43,"column":19},"end":{"line":45,"column":null}}],"line":41},"9":{"loc":{"start":{"line":41,"column":16},"end":{"line":41,"column":53}},"type":"binary-expr","locations":[{"start":{"line":41,"column":16},"end":{"line":41,"column":32}},{"start":{"line":41,"column":36},"end":{"line":41,"column":53}}],"line":41},"10":{"loc":{"start":{"line":56,"column":8},"end":{"line":58,"column":null}},"type":"if","locations":[{"start":{"line":56,"column":8},"end":{"line":58,"column":null}},{"start":{},"end":{}}],"line":56}},"s":{"0":0,"1":0,"2":0,"3":0,"4":0,"5":0,"6":0,"7":0,"8":0,"9":0,"10":0,"11":0,"12":0,"13":0,"14":0,"15":0,"16":0,"17":0,"18":0,"19":0,"20":0,"21":0,"22":0,"23":0,"24":0,"25":0,"26":0,"27":0,"28":0,"29":0,"30":0,"31":0,"32":0,"33":0,"34":0,"35":0},"f":{"0":0,"1":0,"2":0,"3":0,"4":0,"5":0},"b":{"0":[0,0],"1":[0,0],"2":[0,0],"3":[0,0],"4":[0,0],"5":[0,0],"6":[0,0],"7":[0,0],"8":[0,0],"9":[0,0],"10":[0,0]},"meta":{"lastBranch":11,"lastFunction":6,"lastStatement":36,"seen":{"f:2:4:2:15":0,"s:3:8:3:Infinity":0,"s:4:8:4:Infinity":1,"s:5:8:5:Infinity":2,"s:6:8:6:Infinity":3,"f:9:4:9:15":1,"b:10:8:10:Infinity:undefined:undefined:undefined:undefined":0,"s:10:8:10:Infinity":4,"s:10:51:10:Infinity":5,"b:11:8:11:Infinity:undefined:undefined:undefined:undefined":1,"s:11:8:11:Infinity":6,"s:11:38:11:Infinity":7,"s:13:8:13:Infinity":8,"s:14:8:14:Infinity":9,"s:15:8:15:Infinity":10,"s:16:8:16:Infinity":11,"s:17:8:17:Infinity":12,"s:18:8:18:Infinity":13,"s:19:8:19:Infinity":14,"f:22:4:22:15":2,"b:23:8:23:Infinity:undefined:undefined:undefined:undefined":2,"s:23:8:23:Infinity":15,"b:23:12:23:27:23:31:23:51":3,"s:23:53:23:Infinity":16,"s:25:22:25:45":17,"s:26:23:26:46":18,"s:28:21:28:56":19,"b:28:33:28:38:28:41:28:56":4,"s:29:21:29:57":20,"b:29:34:29:39:29:42:29:57":5,"s:30:25:30:40":21,"s:31:26:31:42":22,"s:33:8:33:Infinity":23,"f:36:4:36:13":3,"b:37:8:49:Infinity:undefined:undefined:undefined:undefined":6,"s:37:8:49:Infinity":24,"b:37:12:37:26:37:30:37:49":7,"s:38:12:38:Infinity":25,"s:40:27:40:58":26,"b:41:12:45:Infinity:43:19:45:Infinity":8,"s:41:12:45:Infinity":27,"b:41:16:41:32:41:36:41:53":9,"s:42:16:42:Infinity":28,"s:44:16:44:Infinity":29,"s:47:12:47:Infinity":30,"s:48:12:48:Infinity":31,"f:52:4:52:17":4,"f:55:4:55:10":5,"b:56:8:58:Infinity:undefined:undefined:undefined:undefined":10,"s:56:8:58:Infinity":32,"s:57:12:57:Infinity":33,"s:59:8:59:Infinity":34,"s:60:8:60:Infinity":35}}}
,"/home/bal/labs/svg-editor/js/EventBus.js": {"path":"/home/bal/labs/svg-editor/js/EventBus.js","statementMap":{"0":{"start":{"line":3,"column":8},"end":{"line":3,"column":null}},"1":{"start":{"line":7,"column":8},"end":{"line":9,"column":null}},"2":{"start":{"line":8,"column":12},"end":{"line":8,"column":null}},"3":{"start":{"line":10,"column":8},"end":{"line":10,"column":null}},"4":{"start":{"line":12,"column":8},"end":{"line":12,"column":null}},"5":{"start":{"line":12,"column":21},"end":{"line":12,"column":46}},"6":{"start":{"line":16,"column":8},"end":{"line":16,"column":null}},"7":{"start":{"line":16,"column":40},"end":{"line":16,"column":null}},"8":{"start":{"line":17,"column":26},"end":{"line":17,"column":51}},"9":{"start":{"line":18,"column":22},"end":{"line":18,"column":49}},"10":{"start":{"line":19,"column":8},"end":{"line":19,"column":null}},"11":{"start":{"line":19,"column":24},"end":{"line":19,"column":null}},"12":{"start":{"line":23,"column":8},"end":{"line":23,"column":null}},"13":{"start":{"line":23,"column":40},"end":{"line":23,"column":null}},"14":{"start":{"line":24,"column":8},"end":{"line":24,"column":null}},"15":{"start":{"line":24,"column":54},"end":{"line":24,"column":68}},"16":{"start":{"line":28,"column":0},"end":{"line":28,"column":null}}},"fnMap":{"0":{"name":"(anonymous_0)","decl":{"start":{"line":2,"column":4},"end":{"line":2,"column":15}},"loc":{"start":{"line":2,"column":18},"end":{"line":4,"column":null}},"line":2},"1":{"name":"(anonymous_1)","decl":{"start":{"line":6,"column":4},"end":{"line":6,"column":6}},"loc":{"start":{"line":6,"column":24},"end":{"line":13,"column":null}},"line":6},"2":{"name":"(anonymous_2)","decl":{"start":{"line":12,"column":15},"end":{"line":12,"column":16}},"loc":{"start":{"line":12,"column":21},"end":{"line":12,"column":46}},"line":12},"3":{"name":"(anonymous_3)","decl":{"start":{"line":15,"column":4},"end":{"line":15,"column":7}},"loc":{"start":{"line":15,"column":25},"end":{"line":20,"column":null}},"line":15},"4":{"name":"(anonymous_4)","decl":{"start":{"line":22,"column":4},"end":{"line":22,"column":8}},"loc":{"start":{"line":22,"column":22},"end":{"line":25,"column":null}},"line":22},"5":{"name":"(anonymous_5)","decl":{"start":{"line":24,"column":42},"end":{"line":24,"column":50}},"loc":{"start":{"line":24,"column":54},"end":{"line":24,"column":68}},"line":24}},"branchMap":{"0":{"loc":{"start":{"line":7,"column":8},"end":{"line":9,"column":null}},"type":"if","locations":[{"start":{"line":7,"column":8},"end":{"line":9,"column":null}},{"start":{},"end":{}}],"line":7},"1":{"loc":{"start":{"line":16,"column":8},"end":{"line":16,"column":null}},"type":"if","locations":[{"start":{"line":16,"column":8},"end":{"line":16,"column":null}},{"start":{},"end":{}}],"line":16},"2":{"loc":{"start":{"line":19,"column":8},"end":{"line":19,"column":null}},"type":"if","locations":[{"start":{"line":19,"column":8},"end":{"line":19,"column":null}},{"start":{},"end":{}}],"line":19},"3":{"loc":{"start":{"line":23,"column":8},"end":{"line":23,"column":null}},"type":"if","locations":[{"start":{"line":23,"column":8},"end":{"line":23,"column":null}},{"start":{},"end":{}}],"line":23}},"s":{"0":0,"1":0,"2":0,"3":0,"4":0,"5":0,"6":0,"7":0,"8":0,"9":0,"10":0,"11":0,"12":0,"13":0,"14":0,"15":0,"16":0},"f":{"0":0,"1":0,"2":0,"3":0,"4":0,"5":0},"b":{"0":[0,0],"1":[0,0],"2":[0,0],"3":[0,0]},"meta":{"lastBranch":4,"lastFunction":6,"lastStatement":17,"seen":{"f:2:4:2:15":0,"s:3:8:3:Infinity":0,"f:6:4:6:6":1,"b:7:8:9:Infinity:undefined:undefined:undefined:undefined":0,"s:7:8:9:Infinity":1,"s:8:12:8:Infinity":2,"s:10:8:10:Infinity":3,"s:12:8:12:Infinity":4,"f:12:15:12:16":2,"s:12:21:12:46":5,"f:15:4:15:7":3,"b:16:8:16:Infinity:undefined:undefined:undefined:undefined":1,"s:16:8:16:Infinity":6,"s:16:40:16:Infinity":7,"s:17:26:17:51":8,"s:18:22:18:49":9,"b:19:8:19:Infinity:undefined:undefined:undefined:undefined":2,"s:19:8:19:Infinity":10,"s:19:24:19:Infinity":11,"f:22:4:22:8":4,"b:23:8:23:Infinity:undefined:undefined:undefined:undefined":3,"s:23:8:23:Infinity":12,"s:23:40:23:Infinity":13,"s:24:8:24:Infinity":14,"f:24:42:24:50":5,"s:24:54:24:68":15,"s:28:0:28:Infinity":16}}}
,"/home/bal/labs/svg-editor/js/FileBrowserDialog.js": {"path":"/home/bal/labs/svg-editor/js/FileBrowserDialog.js","statementMap":{"0":{"start":{"line":3,"column":8},"end":{"line":3,"column":null}},"1":{"start":{"line":4,"column":8},"end":{"line":4,"column":null}},"2":{"start":{"line":5,"column":8},"end":{"line":5,"column":null}},"3":{"start":{"line":6,"column":8},"end":{"line":6,"column":null}},"4":{"start":{"line":8,"column":8},"end":{"line":8,"column":null}},"5":{"start":{"line":9,"column":8},"end":{"line":9,"column":null}},"6":{"start":{"line":13,"column":8},"end":{"line":13,"column":null}},"7":{"start":{"line":14,"column":8},"end":{"line":14,"column":null}},"8":{"start":{"line":15,"column":8},"end":{"line":46,"column":null}},"9":{"start":{"line":48,"column":8},"end":{"line":48,"column":null}},"10":{"start":{"line":50,"column":8},"end":{"line":50,"column":null}},"11":{"start":{"line":51,"column":8},"end":{"line":51,"column":null}},"12":{"start":{"line":52,"column":8},"end":{"line":52,"column":null}},"13":{"start":{"line":53,"column":8},"end":{"line":53,"column":null}},"14":{"start":{"line":54,"column":8},"end":{"line":54,"column":null}},"15":{"start":{"line":55,"column":8},"end":{"line":55,"column":null}},"16":{"start":{"line":59,"column":8},"end":{"line":59,"column":null}},"17":{"start":{"line":59,"column":90},"end":{"line":59,"column":102}},"18":{"start":{"line":60,"column":8},"end":{"line":60,"column":null}},"19":{"start":{"line":60,"column":88},"end":{"line":60,"column":108}},"20":{"start":{"line":61,"column":8},"end":{"line":61,"column":null}},"21":{"start":{"line":61,"column":91},"end":{"line":61,"column":113}},"22":{"start":{"line":63,"column":8},"end":{"line":63,"column":null}},"23":{"start":{"line":65,"column":8},"end":{"line":69,"column":null}},"24":{"start":{"line":66,"column":12},"end":{"line":68,"column":null}},"25":{"start":{"line":67,"column":16},"end":{"line":67,"column":null}},"26":{"start":{"line":71,"column":8},"end":{"line":74,"column":null}},"27":{"start":{"line":72,"column":12},"end":{"line":72,"column":null}},"28":{"start":{"line":73,"column":12},"end":{"line":73,"column":null}},"29":{"start":{"line":76,"column":8},"end":{"line":80,"column":null}},"30":{"start":{"line":77,"column":12},"end":{"line":77,"column":null}},"31":{"start":{"line":78,"column":12},"end":{"line":78,"column":null}},"32":{"start":{"line":79,"column":12},"end":{"line":79,"column":null}},"33":{"start":{"line":82,"column":8},"end":{"line":88,"column":null}},"34":{"start":{"line":83,"column":25},"end":{"line":83,"column":42}},"35":{"start":{"line":84,"column":12},"end":{"line":86,"column":null}},"36":{"start":{"line":85,"column":16},"end":{"line":85,"column":null}},"37":{"start":{"line":87,"column":12},"end":{"line":87,"column":null}},"38":{"start":{"line":90,"column":8},"end":{"line":94,"column":null}},"39":{"start":{"line":91,"column":12},"end":{"line":93,"column":null}},"40":{"start":{"line":92,"column":16},"end":{"line":92,"column":null}},"41":{"start":{"line":98,"column":8},"end":{"line":98,"column":null}},"42":{"start":{"line":99,"column":8},"end":{"line":99,"column":null}},"43":{"start":{"line":100,"column":8},"end":{"line":100,"column":null}},"44":{"start":{"line":104,"column":8},"end":{"line":104,"column":null}},"45":{"start":{"line":105,"column":8},"end":{"line":105,"column":null}},"46":{"start":{"line":109,"column":22},"end":{"line":109,"column":91}},"47":{"start":{"line":111,"column":8},"end":{"line":111,"column":null}},"48":{"start":{"line":113,"column":8},"end":{"line":117,"column":null}},"49":{"start":{"line":114,"column":12},"end":{"line":114,"column":null}},"50":{"start":{"line":115,"column":12},"end":{"line":115,"column":null}},"51":{"start":{"line":116,"column":12},"end":{"line":116,"column":null}},"52":{"start":{"line":119,"column":8},"end":{"line":119,"column":null}},"53":{"start":{"line":120,"column":8},"end":{"line":120,"column":null}},"54":{"start":{"line":122,"column":8},"end":{"line":125,"column":null}},"55":{"start":{"line":123,"column":25},"end":{"line":123,"column":50}},"56":{"start":{"line":124,"column":12},"end":{"line":124,"column":null}},"57":{"start":{"line":129,"column":21},"end":{"line":129,"column":50}},"58":{"start":{"line":130,"column":8},"end":{"line":130,"column":null}},"59":{"start":{"line":131,"column":8},"end":{"line":131,"column":null}},"60":{"start":{"line":133,"column":29},"end":{"line":138,"column":10}},"61":{"start":{"line":140,"column":8},"end":{"line":149,"column":null}},"62":{"start":{"line":151,"column":8},"end":{"line":155,"column":null}},"63":{"start":{"line":152,"column":12},"end":{"line":154,"column":null}},"64":{"start":{"line":153,"column":16},"end":{"line":153,"column":null}},"65":{"start":{"line":157,"column":8},"end":{"line":160,"column":null}},"66":{"start":{"line":158,"column":12},"end":{"line":158,"column":null}},"67":{"start":{"line":159,"column":12},"end":{"line":159,"column":null}},"68":{"start":{"line":162,"column":8},"end":{"line":162,"column":null}},"69":{"start":{"line":166,"column":21},"end":{"line":166,"column":64}},"70":{"start":{"line":167,"column":8},"end":{"line":167,"column":null}},"71":{"start":{"line":171,"column":8},"end":{"line":171,"column":null}},"72":{"start":{"line":172,"column":8},"end":{"line":172,"column":null}},"73":{"start":{"line":176,"column":8},"end":{"line":176,"column":null}},"74":{"start":{"line":177,"column":8},"end":{"line":177,"column":null}},"75":{"start":{"line":181,"column":8},"end":{"line":183,"column":null}},"76":{"start":{"line":182,"column":12},"end":{"line":182,"column":null}},"77":{"start":{"line":185,"column":8},"end":{"line":185,"column":null}},"78":{"start":{"line":187,"column":8},"end":{"line":191,"column":null}},"79":{"start":{"line":188,"column":12},"end":{"line":188,"column":null}},"80":{"start":{"line":189,"column":12},"end":{"line":189,"column":null}},"81":{"start":{"line":190,"column":12},"end":{"line":190,"column":null}},"82":{"start":{"line":193,"column":8},"end":{"line":193,"column":null}},"83":{"start":{"line":197,"column":8},"end":{"line":202,"column":null}},"84":{"start":{"line":198,"column":12},"end":{"line":198,"column":null}},"85":{"start":{"line":199,"column":12},"end":{"line":199,"column":null}},"86":{"start":{"line":201,"column":12},"end":{"line":201,"column":null}}},"fnMap":{"0":{"name":"(anonymous_0)","decl":{"start":{"line":2,"column":4},"end":{"line":2,"column":15}},"loc":{"start":{"line":2,"column":29},"end":{"line":10,"column":null}},"line":2},"1":{"name":"(anonymous_1)","decl":{"start":{"line":12,"column":4},"end":{"line":12,"column":16}},"loc":{"start":{"line":12,"column":19},"end":{"line":56,"column":null}},"line":12},"2":{"name":"(anonymous_2)","decl":{"start":{"line":58,"column":4},"end":{"line":58,"column":23}},"loc":{"start":{"line":58,"column":26},"end":{"line":95,"column":null}},"line":58},"3":{"name":"(anonymous_3)","decl":{"start":{"line":59,"column":84},"end":{"line":59,"column":85}},"loc":{"start":{"line":59,"column":90},"end":{"line":59,"column":102}},"line":59},"4":{"name":"(anonymous_4)","decl":{"start":{"line":60,"column":82},"end":{"line":60,"column":83}},"loc":{"start":{"line":60,"column":88},"end":{"line":60,"column":108}},"line":60},"5":{"name":"(anonymous_5)","decl":{"start":{"line":61,"column":85},"end":{"line":61,"column":86}},"loc":{"start":{"line":61,"column":91},"end":{"line":61,"column":113}},"line":61},"6":{"name":"(anonymous_6)","decl":{"start":{"line":65,"column":47},"end":{"line":65,"column":48}},"loc":{"start":{"line":65,"column":54},"end":{"line":69,"column":9}},"line":65},"7":{"name":"(anonymous_7)","decl":{"start":{"line":71,"column":51},"end":{"line":71,"column":52}},"loc":{"start":{"line":71,"column":58},"end":{"line":74,"column":9}},"line":71},"8":{"name":"(anonymous_8)","decl":{"start":{"line":76,"column":50},"end":{"line":76,"column":51}},"loc":{"start":{"line":76,"column":56},"end":{"line":80,"column":9}},"line":76},"9":{"name":"(anonymous_9)","decl":{"start":{"line":82,"column":50},"end":{"line":82,"column":51}},"loc":{"start":{"line":82,"column":57},"end":{"line":88,"column":9}},"line":82},"10":{"name":"(anonymous_10)","decl":{"start":{"line":90,"column":45},"end":{"line":90,"column":46}},"loc":{"start":{"line":90,"column":52},"end":{"line":94,"column":9}},"line":90},"11":{"name":"(anonymous_11)","decl":{"start":{"line":97,"column":10},"end":{"line":97,"column":14}},"loc":{"start":{"line":97,"column":17},"end":{"line":101,"column":null}},"line":97},"12":{"name":"(anonymous_12)","decl":{"start":{"line":103,"column":4},"end":{"line":103,"column":9}},"loc":{"start":{"line":103,"column":12},"end":{"line":106,"column":null}},"line":103},"13":{"name":"(anonymous_13)","decl":{"start":{"line":108,"column":10},"end":{"line":108,"column":21}},"loc":{"start":{"line":108,"column":24},"end":{"line":126,"column":null}},"line":108},"14":{"name":"(anonymous_14)","decl":{"start":{"line":122,"column":22},"end":{"line":122,"column":26}},"loc":{"start":{"line":122,"column":30},"end":{"line":125,"column":9}},"line":122},"15":{"name":"(anonymous_15)","decl":{"start":{"line":128,"column":4},"end":{"line":128,"column":18}},"loc":{"start":{"line":128,"column":25},"end":{"line":163,"column":null}},"line":128},"16":{"name":"(anonymous_16)","decl":{"start":{"line":151,"column":39},"end":{"line":151,"column":40}},"loc":{"start":{"line":151,"column":46},"end":{"line":155,"column":9}},"line":151},"17":{"name":"(anonymous_17)","decl":{"start":{"line":157,"column":74},"end":{"line":157,"column":75}},"loc":{"start":{"line":157,"column":81},"end":{"line":160,"column":9}},"line":157},"18":{"name":"(anonymous_18)","decl":{"start":{"line":165,"column":4},"end":{"line":165,"column":18}},"loc":{"start":{"line":165,"column":21},"end":{"line":168,"column":null}},"line":165},"19":{"name":"(anonymous_19)","decl":{"start":{"line":170,"column":10},"end":{"line":170,"column":23}},"loc":{"start":{"line":170,"column":26},"end":{"line":173,"column":null}},"line":170},"20":{"name":"(anonymous_20)","decl":{"start":{"line":175,"column":10},"end":{"line":175,"column":24}},"loc":{"start":{"line":175,"column":29},"end":{"line":178,"column":null}},"line":175},"21":{"name":"(anonymous_21)","decl":{"start":{"line":180,"column":10},"end":{"line":180,"column":26}},"loc":{"start":{"line":180,"column":37},"end":{"line":194,"column":null}},"line":180},"22":{"name":"(anonymous_22)","decl":{"start":{"line":196,"column":10},"end":{"line":196,"column":22}},"loc":{"start":{"line":196,"column":29},"end":{"line":203,"column":null}},"line":196}},"branchMap":{"0":{"loc":{"start":{"line":66,"column":12},"end":{"line":68,"column":null}},"type":"if","locations":[{"start":{"line":66,"column":12},"end":{"line":68,"column":null}},{"start":{},"end":{}}],"line":66},"1":{"loc":{"start":{"line":77,"column":33},"end":{"line":77,"column":79}},"type":"cond-expr","locations":[{"start":{"line":77,"column":65},"end":{"line":77,"column":70}},{"start":{"line":77,"column":73},"end":{"line":77,"column":79}}],"line":77},"2":{"loc":{"start":{"line":84,"column":12},"end":{"line":86,"column":null}},"type":"if","locations":[{"start":{"line":84,"column":12},"end":{"line":86,"column":null}},{"start":{},"end":{}}],"line":84},"3":{"loc":{"start":{"line":91,"column":12},"end":{"line":93,"column":null}},"type":"if","locations":[{"start":{"line":91,"column":12},"end":{"line":93,"column":null}},{"start":{},"end":{}}],"line":91},"4":{"loc":{"start":{"line":91,"column":16},"end":{"line":91,"column":49}},"type":"binary-expr","locations":[{"start":{"line":91,"column":16},"end":{"line":91,"column":34}},{"start":{"line":91,"column":38},"end":{"line":91,"column":49}}],"line":91},"5":{"loc":{"start":{"line":113,"column":8},"end":{"line":117,"column":null}},"type":"if","locations":[{"start":{"line":113,"column":8},"end":{"line":117,"column":null}},{"start":{},"end":{}}],"line":113},"6":{"loc":{"start":{"line":142,"column":18},"end":{"line":142,"column":95}},"type":"cond-expr","locations":[{"start":{"line":142,"column":35},"end":{"line":142,"column":49}},{"start":{"line":142,"column":52},"end":{"line":142,"column":95}}],"line":142},"7":{"loc":{"start":{"line":152,"column":12},"end":{"line":154,"column":null}},"type":"if","locations":[{"start":{"line":152,"column":12},"end":{"line":154,"column":null}},{"start":{},"end":{}}],"line":152},"8":{"loc":{"start":{"line":167,"column":27},"end":{"line":167,"column":78}},"type":"cond-expr","locations":[{"start":{"line":167,"column":59},"end":{"line":167,"column":67}},{"start":{"line":167,"column":70},"end":{"line":167,"column":78}}],"line":167},"9":{"loc":{"start":{"line":181,"column":8},"end":{"line":183,"column":null}},"type":"if","locations":[{"start":{"line":181,"column":8},"end":{"line":183,"column":null}},{"start":{},"end":{}}],"line":181},"10":{"loc":{"start":{"line":187,"column":8},"end":{"line":191,"column":null}},"type":"if","locations":[{"start":{"line":187,"column":8},"end":{"line":191,"column":null}},{"start":{},"end":{}}],"line":187}},"s":{"0":0,"1":0,"2":0,"3":0,"4":0,"5":0,"6":0,"7":0,"8":0,"9":0,"10":0,"11":0,"12":0,"13":0,"14":0,"15":0,"16":0,"17":0,"18":0,"19":0,"20":0,"21":0,"22":0,"23":0,"24":0,"25":0,"26":0,"27":0,"28":0,"29":0,"30":0,"31":0,"32":0,"33":0,"34":0,"35":0,"36":0,"37":0,"38":0,"39":0,"40":0,"41":0,"42":0,"43":0,"44":0,"45":0,"46":0,"47":0,"48":0,"49":0,"50":0,"51":0,"52":0,"53":0,"54":0,"55":0,"56":0,"57":0,"58":0,"59":0,"60":0,"61":0,"62":0,"63":0,"64":0,"65":0,"66":0,"67":0,"68":0,"69":0,"70":0,"71":0,"72":0,"73":0,"74":0,"75":0,"76":0,"77":0,"78":0,"79":0,"80":0,"81":0,"82":0,"83":0,"84":0,"85":0,"86":0},"f":{"0":0,"1":0,"2":0,"3":0,"4":0,"5":0,"6":0,"7":0,"8":0,"9":0,"10":0,"11":0,"12":0,"13":0,"14":0,"15":0,"16":0,"17":0,"18":0,"19":0,"20":0,"21":0,"22":0},"b":{"0":[0,0],"1":[0,0],"2":[0,0],"3":[0,0],"4":[0,0],"5":[0,0],"6":[0,0],"7":[0,0],"8":[0,0],"9":[0,0],"10":[0,0]},"meta":{"lastBranch":11,"lastFunction":23,"lastStatement":87,"seen":{"f:2:4:2:15":0,"s:3:8:3:Infinity":0,"s:4:8:4:Infinity":1,"s:5:8:5:Infinity":2,"s:6:8:6:Infinity":3,"s:8:8:8:Infinity":4,"s:9:8:9:Infinity":5,"f:12:4:12:16":1,"s:13:8:13:Infinity":6,"s:14:8:14:Infinity":7,"s:15:8:46:Infinity":8,"s:48:8:48:Infinity":9,"s:50:8:50:Infinity":10,"s:51:8:51:Infinity":11,"s:52:8:52:Infinity":12,"s:53:8:53:Infinity":13,"s:54:8:54:Infinity":14,"s:55:8:55:Infinity":15,"f:58:4:58:23":2,"s:59:8:59:Infinity":16,"f:59:84:59:85":3,"s:59:90:59:102":17,"s:60:8:60:Infinity":18,"f:60:82:60:83":4,"s:60:88:60:108":19,"s:61:8:61:Infinity":20,"f:61:85:61:86":5,"s:61:91:61:113":21,"s:63:8:63:Infinity":22,"s:65:8:69:Infinity":23,"f:65:47:65:48":6,"b:66:12:68:Infinity:undefined:undefined:undefined:undefined":0,"s:66:12:68:Infinity":24,"s:67:16:67:Infinity":25,"s:71:8:74:Infinity":26,"f:71:51:71:52":7,"s:72:12:72:Infinity":27,"s:73:12:73:Infinity":28,"s:76:8:80:Infinity":29,"f:76:50:76:51":8,"s:77:12:77:Infinity":30,"b:77:65:77:70:77:73:77:79":1,"s:78:12:78:Infinity":31,"s:79:12:79:Infinity":32,"s:82:8:88:Infinity":33,"f:82:50:82:51":9,"s:83:25:83:42":34,"b:84:12:86:Infinity:undefined:undefined:undefined:undefined":2,"s:84:12:86:Infinity":35,"s:85:16:85:Infinity":36,"s:87:12:87:Infinity":37,"s:90:8:94:Infinity":38,"f:90:45:90:46":10,"b:91:12:93:Infinity:undefined:undefined:undefined:undefined":3,"s:91:12:93:Infinity":39,"b:91:16:91:34:91:38:91:49":4,"s:92:16:92:Infinity":40,"f:97:10:97:14":11,"s:98:8:98:Infinity":41,"s:99:8:99:Infinity":42,"s:100:8:100:Infinity":43,"f:103:4:103:9":12,"s:104:8:104:Infinity":44,"s:105:8:105:Infinity":45,"f:108:10:108:21":13,"s:109:22:109:91":46,"s:111:8:111:Infinity":47,"b:113:8:117:Infinity:undefined:undefined:undefined:undefined":5,"s:113:8:117:Infinity":48,"s:114:12:114:Infinity":49,"s:115:12:115:Infinity":50,"s:116:12:116:Infinity":51,"s:119:8:119:Infinity":52,"s:120:8:120:Infinity":53,"s:122:8:125:Infinity":54,"f:122:22:122:26":14,"s:123:25:123:50":55,"s:124:12:124:Infinity":56,"f:128:4:128:18":15,"s:129:21:129:50":57,"s:130:8:130:Infinity":58,"s:131:8:131:Infinity":59,"s:133:29:138:10":60,"s:140:8:149:Infinity":61,"b:142:35:142:49:142:52:142:95":6,"s:151:8:155:Infinity":62,"f:151:39:151:40":16,"b:152:12:154:Infinity:undefined:undefined:undefined:undefined":7,"s:152:12:154:Infinity":63,"s:153:16:153:Infinity":64,"s:157:8:160:Infinity":65,"f:157:74:157:75":17,"s:158:12:158:Infinity":66,"s:159:12:159:Infinity":67,"s:162:8:162:Infinity":68,"f:165:4:165:18":18,"s:166:21:166:64":69,"s:167:8:167:Infinity":70,"b:167:59:167:67:167:70:167:78":8,"f:170:10:170:23":19,"s:171:8:171:Infinity":71,"s:172:8:172:Infinity":72,"f:175:10:175:24":20,"s:176:8:176:Infinity":73,"s:177:8:177:Infinity":74,"f:180:10:180:26":21,"b:181:8:183:Infinity:undefined:undefined:undefined:undefined":9,"s:181:8:183:Infinity":75,"s:182:12:182:Infinity":76,"s:185:8:185:Infinity":77,"b:187:8:191:Infinity:undefined:undefined:undefined:undefined":10,"s:187:8:191:Infinity":78,"s:188:12:188:Infinity":79,"s:189:12:189:Infinity":80,"s:190:12:190:Infinity":81,"s:193:8:193:Infinity":82,"f:196:10:196:22":22,"s:197:8:202:Infinity":83,"s:198:12:198:Infinity":84,"s:199:12:199:Infinity":85,"s:201:12:201:Infinity":86}}}
,"/home/bal/labs/svg-editor/js/FileDatabase.js": {"path":"/home/bal/labs/svg-editor/js/FileDatabase.js","statementMap":{"0":{"start":{"line":3,"column":8},"end":{"line":3,"column":null}},"1":{"start":{"line":4,"column":8},"end":{"line":4,"column":null}},"2":{"start":{"line":5,"column":8},"end":{"line":5,"column":null}},"3":{"start":{"line":6,"column":8},"end":{"line":6,"column":null}},"4":{"start":{"line":10,"column":8},"end":{"line":35,"column":null}},"5":{"start":{"line":11,"column":28},"end":{"line":11,"column":71}},"6":{"start":{"line":13,"column":12},"end":{"line":15,"column":null}},"7":{"start":{"line":14,"column":16},"end":{"line":14,"column":null}},"8":{"start":{"line":17,"column":12},"end":{"line":20,"column":null}},"9":{"start":{"line":18,"column":16},"end":{"line":18,"column":null}},"10":{"start":{"line":19,"column":16},"end":{"line":19,"column":null}},"11":{"start":{"line":22,"column":12},"end":{"line":34,"column":null}},"12":{"start":{"line":23,"column":27},"end":{"line":23,"column":46}},"13":{"start":{"line":25,"column":16},"end":{"line":33,"column":null}},"14":{"start":{"line":26,"column":34},"end":{"line":29,"column":22}},"15":{"start":{"line":31,"column":20},"end":{"line":31,"column":null}},"16":{"start":{"line":32,"column":20},"end":{"line":32,"column":null}},"17":{"start":{"line":39,"column":8},"end":{"line":54,"column":null}},"18":{"start":{"line":40,"column":32},"end":{"line":40,"column":82}},"19":{"start":{"line":41,"column":26},"end":{"line":41,"column":65}},"20":{"start":{"line":43,"column":12},"end":{"line":43,"column":null}},"21":{"start":{"line":45,"column":28},"end":{"line":45,"column":71}},"22":{"start":{"line":47,"column":12},"end":{"line":49,"column":null}},"23":{"start":{"line":48,"column":16},"end":{"line":48,"column":null}},"24":{"start":{"line":51,"column":12},"end":{"line":53,"column":null}},"25":{"start":{"line":52,"column":16},"end":{"line":52,"column":null}},"26":{"start":{"line":58,"column":8},"end":{"line":70,"column":null}},"27":{"start":{"line":59,"column":32},"end":{"line":59,"column":81}},"28":{"start":{"line":60,"column":26},"end":{"line":60,"column":65}},"29":{"start":{"line":61,"column":28},"end":{"line":61,"column":41}},"30":{"start":{"line":63,"column":12},"end":{"line":65,"column":null}},"31":{"start":{"line":64,"column":16},"end":{"line":64,"column":null}},"32":{"start":{"line":67,"column":12},"end":{"line":69,"column":null}},"33":{"start":{"line":68,"column":16},"end":{"line":68,"column":null}},"34":{"start":{"line":74,"column":8},"end":{"line":86,"column":null}},"35":{"start":{"line":75,"column":32},"end":{"line":75,"column":81}},"36":{"start":{"line":76,"column":26},"end":{"line":76,"column":65}},"37":{"start":{"line":77,"column":28},"end":{"line":77,"column":42}},"38":{"start":{"line":79,"column":12},"end":{"line":81,"column":null}},"39":{"start":{"line":80,"column":16},"end":{"line":80,"column":null}},"40":{"start":{"line":83,"column":12},"end":{"line":85,"column":null}},"41":{"start":{"line":84,"column":16},"end":{"line":84,"column":null}},"42":{"start":{"line":90,"column":8},"end":{"line":102,"column":null}},"43":{"start":{"line":91,"column":32},"end":{"line":91,"column":82}},"44":{"start":{"line":92,"column":26},"end":{"line":92,"column":65}},"45":{"start":{"line":93,"column":28},"end":{"line":93,"column":44}},"46":{"start":{"line":95,"column":12},"end":{"line":97,"column":null}},"47":{"start":{"line":96,"column":16},"end":{"line":96,"column":null}},"48":{"start":{"line":99,"column":12},"end":{"line":101,"column":null}},"49":{"start":{"line":100,"column":16},"end":{"line":100,"column":null}},"50":{"start":{"line":106,"column":22},"end":{"line":106,"column":46}},"51":{"start":{"line":108,"column":8},"end":{"line":117,"column":null}},"52":{"start":{"line":109,"column":25},"end":{"line":109,"column":33}},"53":{"start":{"line":110,"column":25},"end":{"line":110,"column":33}},"54":{"start":{"line":112,"column":12},"end":{"line":116,"column":null}},"55":{"start":{"line":113,"column":16},"end":{"line":113,"column":null}},"56":{"start":{"line":115,"column":16},"end":{"line":115,"column":null}},"57":{"start":{"line":119,"column":8},"end":{"line":119,"column":null}},"58":{"start":{"line":123,"column":0},"end":{"line":123,"column":null}}},"fnMap":{"0":{"name":"(anonymous_0)","decl":{"start":{"line":2,"column":4},"end":{"line":2,"column":15}},"loc":{"start":{"line":2,"column":18},"end":{"line":7,"column":null}},"line":2},"1":{"name":"(anonymous_1)","decl":{"start":{"line":9,"column":10},"end":{"line":9,"column":14}},"loc":{"start":{"line":9,"column":17},"end":{"line":36,"column":null}},"line":9},"2":{"name":"(anonymous_2)","decl":{"start":{"line":10,"column":27},"end":{"line":10,"column":28}},"loc":{"start":{"line":10,"column":48},"end":{"line":35,"column":9}},"line":10},"3":{"name":"(anonymous_3)","decl":{"start":{"line":13,"column":30},"end":{"line":13,"column":31}},"loc":{"start":{"line":13,"column":36},"end":{"line":15,"column":13}},"line":13},"4":{"name":"(anonymous_4)","decl":{"start":{"line":17,"column":32},"end":{"line":17,"column":33}},"loc":{"start":{"line":17,"column":43},"end":{"line":20,"column":13}},"line":17},"5":{"name":"(anonymous_5)","decl":{"start":{"line":22,"column":38},"end":{"line":22,"column":39}},"loc":{"start":{"line":22,"column":49},"end":{"line":34,"column":13}},"line":22},"6":{"name":"(anonymous_6)","decl":{"start":{"line":38,"column":10},"end":{"line":38,"column":18}},"loc":{"start":{"line":38,"column":25},"end":{"line":55,"column":null}},"line":38},"7":{"name":"(anonymous_7)","decl":{"start":{"line":39,"column":27},"end":{"line":39,"column":28}},"loc":{"start":{"line":39,"column":48},"end":{"line":54,"column":9}},"line":39},"8":{"name":"(anonymous_8)","decl":{"start":{"line":47,"column":32},"end":{"line":47,"column":33}},"loc":{"start":{"line":47,"column":38},"end":{"line":49,"column":13}},"line":47},"9":{"name":"(anonymous_9)","decl":{"start":{"line":51,"column":30},"end":{"line":51,"column":31}},"loc":{"start":{"line":51,"column":36},"end":{"line":53,"column":13}},"line":51},"10":{"name":"(anonymous_10)","decl":{"start":{"line":57,"column":10},"end":{"line":57,"column":17}},"loc":{"start":{"line":57,"column":22},"end":{"line":71,"column":null}},"line":57},"11":{"name":"(anonymous_11)","decl":{"start":{"line":58,"column":27},"end":{"line":58,"column":28}},"loc":{"start":{"line":58,"column":48},"end":{"line":70,"column":9}},"line":58},"12":{"name":"(anonymous_12)","decl":{"start":{"line":63,"column":32},"end":{"line":63,"column":33}},"loc":{"start":{"line":63,"column":38},"end":{"line":65,"column":13}},"line":63},"13":{"name":"(anonymous_13)","decl":{"start":{"line":67,"column":30},"end":{"line":67,"column":31}},"loc":{"start":{"line":67,"column":36},"end":{"line":69,"column":13}},"line":67},"14":{"name":"(anonymous_14)","decl":{"start":{"line":73,"column":10},"end":{"line":73,"column":21}},"loc":{"start":{"line":73,"column":24},"end":{"line":87,"column":null}},"line":73},"15":{"name":"(anonymous_15)","decl":{"start":{"line":74,"column":27},"end":{"line":74,"column":28}},"loc":{"start":{"line":74,"column":48},"end":{"line":86,"column":9}},"line":74},"16":{"name":"(anonymous_16)","decl":{"start":{"line":79,"column":32},"end":{"line":79,"column":33}},"loc":{"start":{"line":79,"column":38},"end":{"line":81,"column":13}},"line":79},"17":{"name":"(anonymous_17)","decl":{"start":{"line":83,"column":30},"end":{"line":83,"column":31}},"loc":{"start":{"line":83,"column":36},"end":{"line":85,"column":13}},"line":83},"18":{"name":"(anonymous_18)","decl":{"start":{"line":89,"column":10},"end":{"line":89,"column":20}},"loc":{"start":{"line":89,"column":25},"end":{"line":103,"column":null}},"line":89},"19":{"name":"(anonymous_19)","decl":{"start":{"line":90,"column":27},"end":{"line":90,"column":28}},"loc":{"start":{"line":90,"column":48},"end":{"line":102,"column":9}},"line":90},"20":{"name":"(anonymous_20)","decl":{"start":{"line":95,"column":32},"end":{"line":95,"column":33}},"loc":{"start":{"line":95,"column":38},"end":{"line":97,"column":13}},"line":95},"21":{"name":"(anonymous_21)","decl":{"start":{"line":99,"column":30},"end":{"line":99,"column":31}},"loc":{"start":{"line":99,"column":36},"end":{"line":101,"column":13}},"line":99},"22":{"name":"(anonymous_22)","decl":{"start":{"line":105,"column":10},"end":{"line":105,"column":24}},"loc":{"start":{"line":105,"column":69},"end":{"line":120,"column":null}},"line":105},"23":{"name":"(anonymous_23)","decl":{"start":{"line":108,"column":19},"end":{"line":108,"column":20}},"loc":{"start":{"line":108,"column":29},"end":{"line":117,"column":9}},"line":108}},"branchMap":{"0":{"loc":{"start":{"line":25,"column":16},"end":{"line":33,"column":null}},"type":"if","locations":[{"start":{"line":25,"column":16},"end":{"line":33,"column":null}},{"start":{},"end":{}}],"line":25},"1":{"loc":{"start":{"line":45,"column":28},"end":{"line":45,"column":71}},"type":"cond-expr","locations":[{"start":{"line":45,"column":38},"end":{"line":45,"column":53}},{"start":{"line":45,"column":56},"end":{"line":45,"column":71}}],"line":45},"2":{"loc":{"start":{"line":105,"column":25},"end":{"line":105,"column":47}},"type":"default-arg","locations":[{"start":{"line":105,"column":33},"end":{"line":105,"column":47}}],"line":105},"3":{"loc":{"start":{"line":105,"column":49},"end":{"line":105,"column":67}},"type":"default-arg","locations":[{"start":{"line":105,"column":61},"end":{"line":105,"column":67}}],"line":105},"4":{"loc":{"start":{"line":112,"column":12},"end":{"line":116,"column":null}},"type":"if","locations":[{"start":{"line":112,"column":12},"end":{"line":116,"column":null}},{"start":{"line":114,"column":19},"end":{"line":116,"column":null}}],"line":112},"5":{"loc":{"start":{"line":113,"column":23},"end":{"line":113,"column":61}},"type":"cond-expr","locations":[{"start":{"line":113,"column":37},"end":{"line":113,"column":39}},{"start":{"line":113,"column":42},"end":{"line":113,"column":61}}],"line":113},"6":{"loc":{"start":{"line":113,"column":42},"end":{"line":113,"column":61}},"type":"cond-expr","locations":[{"start":{"line":113,"column":56},"end":{"line":113,"column":57}},{"start":{"line":113,"column":60},"end":{"line":113,"column":61}}],"line":113},"7":{"loc":{"start":{"line":115,"column":23},"end":{"line":115,"column":61}},"type":"cond-expr","locations":[{"start":{"line":115,"column":37},"end":{"line":115,"column":39}},{"start":{"line":115,"column":42},"end":{"line":115,"column":61}}],"line":115},"8":{"loc":{"start":{"line":115,"column":42},"end":{"line":115,"column":61}},"type":"cond-expr","locations":[{"start":{"line":115,"column":56},"end":{"line":115,"column":57}},{"start":{"line":115,"column":60},"end":{"line":115,"column":61}}],"line":115}},"s":{"0":0,"1":0,"2":0,"3":0,"4":0,"5":0,"6":0,"7":0,"8":0,"9":0,"10":0,"11":0,"12":0,"13":0,"14":0,"15":0,"16":0,"17":0,"18":0,"19":0,"20":0,"21":0,"22":0,"23":0,"24":0,"25":0,"26":0,"27":0,"28":0,"29":0,"30":0,"31":0,"32":0,"33":0,"34":0,"35":0,"36":0,"37":0,"38":0,"39":0,"40":0,"41":0,"42":0,"43":0,"44":0,"45":0,"46":0,"47":0,"48":0,"49":0,"50":0,"51":0,"52":0,"53":0,"54":0,"55":0,"56":0,"57":0,"58":0},"f":{"0":0,"1":0,"2":0,"3":0,"4":0,"5":0,"6":0,"7":0,"8":0,"9":0,"10":0,"11":0,"12":0,"13":0,"14":0,"15":0,"16":0,"17":0,"18":0,"19":0,"20":0,"21":0,"22":0,"23":0},"b":{"0":[0,0],"1":[0,0],"2":[0],"3":[0],"4":[0,0],"5":[0,0],"6":[0,0],"7":[0,0],"8":[0,0]},"meta":{"lastBranch":9,"lastFunction":24,"lastStatement":59,"seen":{"f:2:4:2:15":0,"s:3:8:3:Infinity":0,"s:4:8:4:Infinity":1,"s:5:8:5:Infinity":2,"s:6:8:6:Infinity":3,"f:9:10:9:14":1,"s:10:8:35:Infinity":4,"f:10:27:10:28":2,"s:11:28:11:71":5,"s:13:12:15:Infinity":6,"f:13:30:13:31":3,"s:14:16:14:Infinity":7,"s:17:12:20:Infinity":8,"f:17:32:17:33":4,"s:18:16:18:Infinity":9,"s:19:16:19:Infinity":10,"s:22:12:34:Infinity":11,"f:22:38:22:39":5,"s:23:27:23:46":12,"b:25:16:33:Infinity:undefined:undefined:undefined:undefined":0,"s:25:16:33:Infinity":13,"s:26:34:29:22":14,"s:31:20:31:Infinity":15,"s:32:20:32:Infinity":16,"f:38:10:38:18":6,"s:39:8:54:Infinity":17,"f:39:27:39:28":7,"s:40:32:40:82":18,"s:41:26:41:65":19,"s:43:12:43:Infinity":20,"s:45:28:45:71":21,"b:45:38:45:53:45:56:45:71":1,"s:47:12:49:Infinity":22,"f:47:32:47:33":8,"s:48:16:48:Infinity":23,"s:51:12:53:Infinity":24,"f:51:30:51:31":9,"s:52:16:52:Infinity":25,"f:57:10:57:17":10,"s:58:8:70:Infinity":26,"f:58:27:58:28":11,"s:59:32:59:81":27,"s:60:26:60:65":28,"s:61:28:61:41":29,"s:63:12:65:Infinity":30,"f:63:32:63:33":12,"s:64:16:64:Infinity":31,"s:67:12:69:Infinity":32,"f:67:30:67:31":13,"s:68:16:68:Infinity":33,"f:73:10:73:21":14,"s:74:8:86:Infinity":34,"f:74:27:74:28":15,"s:75:32:75:81":35,"s:76:26:76:65":36,"s:77:28:77:42":37,"s:79:12:81:Infinity":38,"f:79:32:79:33":16,"s:80:16:80:Infinity":39,"s:83:12:85:Infinity":40,"f:83:30:83:31":17,"s:84:16:84:Infinity":41,"f:89:10:89:20":18,"s:90:8:102:Infinity":42,"f:90:27:90:28":19,"s:91:32:91:82":43,"s:92:26:92:65":44,"s:93:28:93:44":45,"s:95:12:97:Infinity":46,"f:95:32:95:33":20,"s:96:16:96:Infinity":47,"s:99:12:101:Infinity":48,"f:99:30:99:31":21,"s:100:16:100:Infinity":49,"f:105:10:105:24":22,"b:105:33:105:47":2,"b:105:61:105:67":3,"s:106:22:106:46":50,"s:108:8:117:Infinity":51,"f:108:19:108:20":23,"s:109:25:109:33":52,"s:110:25:110:33":53,"b:112:12:116:Infinity:114:19:116:Infinity":4,"s:112:12:116:Infinity":54,"s:113:16:113:Infinity":55,"b:113:37:113:39:113:42:113:61":5,"b:113:56:113:57:113:60:113:61":6,"s:115:16:115:Infinity":56,"b:115:37:115:39:115:42:115:61":7,"b:115:56:115:57:115:60:115:61":8,"s:119:8:119:Infinity":57,"s:123:0:123:Infinity":58}}}
,"/home/bal/labs/svg-editor/js/FileManager.js": {"path":"/home/bal/labs/svg-editor/js/FileManager.js","statementMap":{"0":{"start":{"line":3,"column":8},"end":{"line":3,"column":null}},"1":{"start":{"line":4,"column":8},"end":{"line":4,"column":null}},"2":{"start":{"line":5,"column":8},"end":{"line":5,"column":null}},"3":{"start":{"line":6,"column":8},"end":{"line":6,"column":null}},"4":{"start":{"line":7,"column":8},"end":{"line":7,"column":null}},"5":{"start":{"line":9,"column":8},"end":{"line":9,"column":null}},"6":{"start":{"line":13,"column":8},"end":{"line":13,"column":null}},"7":{"start":{"line":13,"column":43},"end":{"line":13,"column":59}},"8":{"start":{"line":14,"column":8},"end":{"line":14,"column":null}},"9":{"start":{"line":14,"column":43},"end":{"line":14,"column":59}},"10":{"start":{"line":15,"column":8},"end":{"line":15,"column":null}},"11":{"start":{"line":15,"column":43},"end":{"line":15,"column":59}},"12":{"start":{"line":16,"column":8},"end":{"line":16,"column":null}},"13":{"start":{"line":16,"column":46},"end":{"line":16,"column":62}},"14":{"start":{"line":20,"column":8},"end":{"line":20,"column":null}},"15":{"start":{"line":21,"column":8},"end":{"line":21,"column":null}},"16":{"start":{"line":22,"column":8},"end":{"line":22,"column":null}},"17":{"start":{"line":26,"column":8},"end":{"line":28,"column":null}},"18":{"start":{"line":27,"column":12},"end":{"line":27,"column":null}},"19":{"start":{"line":30,"column":8},"end":{"line":32,"column":null}},"20":{"start":{"line":31,"column":12},"end":{"line":31,"column":null}},"21":{"start":{"line":36,"column":8},"end":{"line":36,"column":null}},"22":{"start":{"line":40,"column":8},"end":{"line":42,"column":null}},"23":{"start":{"line":41,"column":12},"end":{"line":41,"column":null}},"24":{"start":{"line":44,"column":8},"end":{"line":44,"column":null}},"25":{"start":{"line":46,"column":21},"end":{"line":52,"column":9}},"26":{"start":{"line":54,"column":19},"end":{"line":54,"column":52}},"27":{"start":{"line":55,"column":8},"end":{"line":55,"column":null}},"28":{"start":{"line":56,"column":8},"end":{"line":56,"column":null}},"29":{"start":{"line":58,"column":8},"end":{"line":58,"column":null}},"30":{"start":{"line":59,"column":8},"end":{"line":59,"column":null}},"31":{"start":{"line":61,"column":8},"end":{"line":61,"column":null}},"32":{"start":{"line":65,"column":8},"end":{"line":67,"column":null}},"33":{"start":{"line":66,"column":12},"end":{"line":66,"column":null}},"34":{"start":{"line":69,"column":21},"end":{"line":69,"column":51}},"35":{"start":{"line":70,"column":8},"end":{"line":72,"column":null}},"36":{"start":{"line":71,"column":12},"end":{"line":71,"column":null}},"37":{"start":{"line":74,"column":8},"end":{"line":74,"column":null}},"38":{"start":{"line":77,"column":8},"end":{"line":82,"column":null}},"39":{"start":{"line":78,"column":12},"end":{"line":78,"column":null}},"40":{"start":{"line":79,"column":12},"end":{"line":79,"column":null}},"41":{"start":{"line":80,"column":12},"end":{"line":80,"column":null}},"42":{"start":{"line":81,"column":12},"end":{"line":81,"column":null}},"43":{"start":{"line":84,"column":8},"end":{"line":86,"column":null}},"44":{"start":{"line":85,"column":12},"end":{"line":85,"column":null}},"45":{"start":{"line":88,"column":8},"end":{"line":88,"column":null}},"46":{"start":{"line":89,"column":8},"end":{"line":89,"column":null}},"47":{"start":{"line":91,"column":8},"end":{"line":91,"column":null}},"48":{"start":{"line":92,"column":8},"end":{"line":92,"column":null}},"49":{"start":{"line":96,"column":23},"end":{"line":96,"column":38}},"50":{"start":{"line":97,"column":20},"end":{"line":97,"column":70}},"51":{"start":{"line":98,"column":20},"end":{"line":98,"column":44}},"52":{"start":{"line":100,"column":8},"end":{"line":100,"column":null}},"53":{"start":{"line":100,"column":18},"end":{"line":100,"column":null}},"54":{"start":{"line":102,"column":8},"end":{"line":102,"column":null}},"55":{"start":{"line":103,"column":8},"end":{"line":103,"column":null}},"56":{"start":{"line":107,"column":8},"end":{"line":116,"column":null}},"57":{"start":{"line":108,"column":26},"end":{"line":113,"column":13}},"58":{"start":{"line":114,"column":12},"end":{"line":114,"column":null}},"59":{"start":{"line":115,"column":12},"end":{"line":115,"column":null}},"60":{"start":{"line":118,"column":8},"end":{"line":127,"column":null}},"61":{"start":{"line":119,"column":26},"end":{"line":124,"column":13}},"62":{"start":{"line":125,"column":12},"end":{"line":125,"column":null}},"63":{"start":{"line":126,"column":12},"end":{"line":126,"column":null}},"64":{"start":{"line":129,"column":8},"end":{"line":137,"column":null}},"65":{"start":{"line":130,"column":30},"end":{"line":130,"column":67}},"66":{"start":{"line":131,"column":27},"end":{"line":131,"column":60}},"67":{"start":{"line":132,"column":12},"end":{"line":136,"column":null}},"68":{"start":{"line":133,"column":30},"end":{"line":133,"column":50}},"69":{"start":{"line":134,"column":16},"end":{"line":134,"column":null}},"70":{"start":{"line":135,"column":16},"end":{"line":135,"column":null}},"71":{"start":{"line":139,"column":8},"end":{"line":149,"column":null}},"72":{"start":{"line":140,"column":30},"end":{"line":140,"column":66}},"73":{"start":{"line":141,"column":27},"end":{"line":141,"column":60}},"74":{"start":{"line":142,"column":12},"end":{"line":148,"column":null}},"75":{"start":{"line":144,"column":16},"end":{"line":144,"column":null}},"76":{"start":{"line":145,"column":30},"end":{"line":145,"column":50}},"77":{"start":{"line":146,"column":16},"end":{"line":146,"column":null}},"78":{"start":{"line":147,"column":16},"end":{"line":147,"column":null}},"79":{"start":{"line":151,"column":8},"end":{"line":160,"column":null}},"80":{"start":{"line":152,"column":26},"end":{"line":157,"column":13}},"81":{"start":{"line":158,"column":12},"end":{"line":158,"column":null}},"82":{"start":{"line":159,"column":12},"end":{"line":159,"column":null}},"83":{"start":{"line":162,"column":8},"end":{"line":170,"column":null}},"84":{"start":{"line":163,"column":26},"end":{"line":167,"column":13}},"85":{"start":{"line":168,"column":12},"end":{"line":168,"column":null}},"86":{"start":{"line":169,"column":12},"end":{"line":169,"column":null}},"87":{"start":{"line":174,"column":23},"end":{"line":174,"column":25}},"88":{"start":{"line":175,"column":24},"end":{"line":175,"column":80}},"89":{"start":{"line":176,"column":23},"end":{"line":176,"column":63}},"90":{"start":{"line":176,"column":54},"end":{"line":176,"column":62}},"91":{"start":{"line":178,"column":8},"end":{"line":184,"column":null}},"92":{"start":{"line":178,"column":21},"end":{"line":178,"column":22}},"93":{"start":{"line":179,"column":22},"end":{"line":179,"column":43}},"94":{"start":{"line":180,"column":22},"end":{"line":180,"column":47}},"95":{"start":{"line":181,"column":12},"end":{"line":183,"column":null}},"96":{"start":{"line":182,"column":16},"end":{"line":182,"column":null}},"97":{"start":{"line":186,"column":8},"end":{"line":186,"column":null}},"98":{"start":{"line":190,"column":23},"end":{"line":190,"column":53}},"99":{"start":{"line":191,"column":21},"end":{"line":191,"column":49}},"100":{"start":{"line":192,"column":28},"end":{"line":192,"column":64}},"101":{"start":{"line":194,"column":8},"end":{"line":194,"column":null}},"102":{"start":{"line":195,"column":8},"end":{"line":195,"column":null}},"103":{"start":{"line":196,"column":8},"end":{"line":196,"column":null}},"104":{"start":{"line":196,"column":25},"end":{"line":196,"column":null}},"105":{"start":{"line":200,"column":8},"end":{"line":218,"column":null}},"106":{"start":{"line":202,"column":25},"end":{"line":209,"column":13}},"107":{"start":{"line":211,"column":23},"end":{"line":211,"column":56}},"108":{"start":{"line":212,"column":12},"end":{"line":212,"column":null}},"109":{"start":{"line":213,"column":12},"end":{"line":213,"column":null}},"110":{"start":{"line":215,"column":12},"end":{"line":215,"column":null}},"111":{"start":{"line":216,"column":12},"end":{"line":216,"column":null}},"112":{"start":{"line":217,"column":12},"end":{"line":217,"column":null}},"113":{"start":{"line":220,"column":21},"end":{"line":220,"column":67}},"114":{"start":{"line":221,"column":8},"end":{"line":225,"column":null}},"115":{"start":{"line":223,"column":12},"end":{"line":223,"column":null}},"116":{"start":{"line":224,"column":12},"end":{"line":224,"column":null}},"117":{"start":{"line":227,"column":8},"end":{"line":227,"column":null}},"118":{"start":{"line":228,"column":8},"end":{"line":228,"column":null}},"119":{"start":{"line":229,"column":8},"end":{"line":229,"column":null}},"120":{"start":{"line":230,"column":8},"end":{"line":230,"column":null}},"121":{"start":{"line":231,"column":8},"end":{"line":231,"column":null}},"122":{"start":{"line":233,"column":8},"end":{"line":233,"column":null}},"123":{"start":{"line":234,"column":8},"end":{"line":234,"column":null}},"124":{"start":{"line":235,"column":8},"end":{"line":235,"column":null}},"125":{"start":{"line":239,"column":21},"end":{"line":239,"column":51}},"126":{"start":{"line":240,"column":8},"end":{"line":240,"column":null}},"127":{"start":{"line":240,"column":19},"end":{"line":240,"column":null}},"128":{"start":{"line":242,"column":8},"end":{"line":242,"column":null}},"129":{"start":{"line":243,"column":8},"end":{"line":243,"column":null}},"130":{"start":{"line":245,"column":8},"end":{"line":247,"column":null}},"131":{"start":{"line":246,"column":12},"end":{"line":246,"column":null}},"132":{"start":{"line":251,"column":20},"end":{"line":251,"column":73}},"133":{"start":{"line":253,"column":29},"end":{"line":253,"column":64}},"134":{"start":{"line":254,"column":8},"end":{"line":256,"column":null}},"135":{"start":{"line":255,"column":12},"end":{"line":255,"column":null}},"136":{"start":{"line":258,"column":8},"end":{"line":260,"column":null}},"137":{"start":{"line":259,"column":12},"end":{"line":259,"column":null}},"138":{"start":{"line":262,"column":27},"end":{"line":262,"column":46}},"139":{"start":{"line":263,"column":8},"end":{"line":263,"column":null}},"140":{"start":{"line":267,"column":20},"end":{"line":267,"column":73}},"141":{"start":{"line":269,"column":29},"end":{"line":269,"column":64}},"142":{"start":{"line":270,"column":8},"end":{"line":272,"column":null}},"143":{"start":{"line":271,"column":12},"end":{"line":271,"column":null}},"144":{"start":{"line":274,"column":8},"end":{"line":276,"column":null}},"145":{"start":{"line":275,"column":12},"end":{"line":275,"column":null}},"146":{"start":{"line":278,"column":8},"end":{"line":278,"column":null}},"147":{"start":{"line":279,"column":8},"end":{"line":279,"column":null}},"148":{"start":{"line":281,"column":27},"end":{"line":281,"column":46}},"149":{"start":{"line":282,"column":8},"end":{"line":282,"column":null}},"150":{"start":{"line":286,"column":26},"end":{"line":286,"column":91}},"151":{"start":{"line":287,"column":21},"end":{"line":287,"column":69}},"152":{"start":{"line":288,"column":20},"end":{"line":288,"column":45}},"153":{"start":{"line":290,"column":18},"end":{"line":290,"column":45}},"154":{"start":{"line":291,"column":8},"end":{"line":291,"column":null}},"155":{"start":{"line":292,"column":8},"end":{"line":292,"column":null}},"156":{"start":{"line":293,"column":8},"end":{"line":293,"column":null}},"157":{"start":{"line":295,"column":8},"end":{"line":295,"column":null}},"158":{"start":{"line":299,"column":8},"end":{"line":338,"column":null}},"159":{"start":{"line":300,"column":27},"end":{"line":300,"column":43}},"160":{"start":{"line":302,"column":12},"end":{"line":331,"column":null}},"161":{"start":{"line":303,"column":32},"end":{"line":303,"column":47}},"162":{"start":{"line":304,"column":29},"end":{"line":304,"column":61}},"163":{"start":{"line":306,"column":31},"end":{"line":306,"column":46}},"164":{"start":{"line":307,"column":28},"end":{"line":307,"column":76}},"165":{"start":{"line":308,"column":28},"end":{"line":308,"column":52}},"166":{"start":{"line":310,"column":16},"end":{"line":313,"column":null}},"167":{"start":{"line":311,"column":20},"end":{"line":311,"column":null}},"168":{"start":{"line":312,"column":20},"end":{"line":312,"column":null}},"169":{"start":{"line":315,"column":30},"end":{"line":315,"column":72}},"170":{"start":{"line":316,"column":31},"end":{"line":316,"column":74}},"171":{"start":{"line":317,"column":32},"end":{"line":317,"column":87}},"172":{"start":{"line":319,"column":35},"end":{"line":325,"column":17}},"173":{"start":{"line":327,"column":27},"end":{"line":327,"column":66}},"174":{"start":{"line":328,"column":16},"end":{"line":328,"column":null}},"175":{"start":{"line":330,"column":16},"end":{"line":330,"column":null}},"176":{"start":{"line":333,"column":12},"end":{"line":335,"column":null}},"177":{"start":{"line":334,"column":16},"end":{"line":334,"column":null}},"178":{"start":{"line":337,"column":12},"end":{"line":337,"column":null}},"179":{"start":{"line":342,"column":8},"end":{"line":342,"column":null}},"180":{"start":{"line":346,"column":8},"end":{"line":346,"column":null}}},"fnMap":{"0":{"name":"(anonymous_0)","decl":{"start":{"line":2,"column":4},"end":{"line":2,"column":15}},"loc":{"start":{"line":2,"column":24},"end":{"line":10,"column":null}},"line":2},"1":{"name":"(anonymous_1)","decl":{"start":{"line":12,"column":4},"end":{"line":12,"column":23}},"loc":{"start":{"line":12,"column":26},"end":{"line":17,"column":null}},"line":12},"2":{"name":"(anonymous_2)","decl":{"start":{"line":13,"column":37},"end":{"line":13,"column":38}},"loc":{"start":{"line":13,"column":43},"end":{"line":13,"column":59}},"line":13},"3":{"name":"(anonymous_3)","decl":{"start":{"line":14,"column":37},"end":{"line":14,"column":38}},"loc":{"start":{"line":14,"column":43},"end":{"line":14,"column":59}},"line":14},"4":{"name":"(anonymous_4)","decl":{"start":{"line":15,"column":37},"end":{"line":15,"column":38}},"loc":{"start":{"line":15,"column":43},"end":{"line":15,"column":59}},"line":15},"5":{"name":"(anonymous_5)","decl":{"start":{"line":16,"column":40},"end":{"line":16,"column":41}},"loc":{"start":{"line":16,"column":46},"end":{"line":16,"column":62}},"line":16},"6":{"name":"(anonymous_6)","decl":{"start":{"line":19,"column":4},"end":{"line":19,"column":13}},"loc":{"start":{"line":19,"column":16},"end":{"line":23,"column":null}},"line":19},"7":{"name":"(anonymous_7)","decl":{"start":{"line":25,"column":4},"end":{"line":25,"column":20}},"loc":{"start":{"line":25,"column":23},"end":{"line":33,"column":null}},"line":25},"8":{"name":"(anonymous_8)","decl":{"start":{"line":30,"column":38},"end":{"line":30,"column":39}},"loc":{"start":{"line":30,"column":44},"end":{"line":32,"column":9}},"line":30},"9":{"name":"(anonymous_9)","decl":{"start":{"line":35,"column":4},"end":{"line":35,"column":20}},"loc":{"start":{"line":35,"column":29},"end":{"line":37,"column":null}},"line":35},"10":{"name":"(anonymous_10)","decl":{"start":{"line":39,"column":10},"end":{"line":39,"column":17}},"loc":{"start":{"line":39,"column":20},"end":{"line":62,"column":null}},"line":39},"11":{"name":"(anonymous_11)","decl":{"start":{"line":64,"column":10},"end":{"line":64,"column":18}},"loc":{"start":{"line":64,"column":23},"end":{"line":93,"column":null}},"line":64},"12":{"name":"(anonymous_12)","decl":{"start":{"line":95,"column":4},"end":{"line":95,"column":18}},"loc":{"start":{"line":95,"column":30},"end":{"line":104,"column":null}},"line":95},"13":{"name":"(anonymous_13)","decl":{"start":{"line":106,"column":4},"end":{"line":106,"column":15}},"loc":{"start":{"line":106,"column":28},"end":{"line":171,"column":null}},"line":106},"14":{"name":"(anonymous_14)","decl":{"start":{"line":107,"column":52},"end":{"line":107,"column":56}},"loc":{"start":{"line":107,"column":60},"end":{"line":116,"column":9}},"line":107},"15":{"name":"(anonymous_15)","decl":{"start":{"line":118,"column":55},"end":{"line":118,"column":62}},"loc":{"start":{"line":118,"column":66},"end":{"line":127,"column":9}},"line":118},"16":{"name":"(anonymous_16)","decl":{"start":{"line":129,"column":56},"end":{"line":129,"column":64}},"loc":{"start":{"line":129,"column":68},"end":{"line":137,"column":9}},"line":129},"17":{"name":"(anonymous_17)","decl":{"start":{"line":139,"column":55},"end":{"line":139,"column":62}},"loc":{"start":{"line":139,"column":66},"end":{"line":149,"column":9}},"line":139},"18":{"name":"(anonymous_18)","decl":{"start":{"line":151,"column":52},"end":{"line":151,"column":56}},"loc":{"start":{"line":151,"column":60},"end":{"line":160,"column":9}},"line":151},"19":{"name":"(anonymous_19)","decl":{"start":{"line":162,"column":52},"end":{"line":162,"column":56}},"loc":{"start":{"line":162,"column":60},"end":{"line":170,"column":9}},"line":162},"20":{"name":"(anonymous_20)","decl":{"start":{"line":173,"column":4},"end":{"line":173,"column":21}},"loc":{"start":{"line":173,"column":33},"end":{"line":187,"column":null}},"line":173},"21":{"name":"(anonymous_21)","decl":{"start":{"line":176,"column":49},"end":{"line":176,"column":50}},"loc":{"start":{"line":176,"column":54},"end":{"line":176,"column":62}},"line":176},"22":{"name":"(anonymous_22)","decl":{"start":{"line":189,"column":4},"end":{"line":189,"column":25}},"loc":{"start":{"line":189,"column":42},"end":{"line":197,"column":null}},"line":189},"23":{"name":"(anonymous_23)","decl":{"start":{"line":199,"column":10},"end":{"line":199,"column":25}},"loc":{"start":{"line":199,"column":28},"end":{"line":236,"column":null}},"line":199},"24":{"name":"(anonymous_24)","decl":{"start":{"line":238,"column":10},"end":{"line":238,"column":20}},"loc":{"start":{"line":238,"column":31},"end":{"line":248,"column":null}},"line":238},"25":{"name":"(anonymous_25)","decl":{"start":{"line":250,"column":4},"end":{"line":250,"column":17}},"loc":{"start":{"line":250,"column":20},"end":{"line":264,"column":null}},"line":250},"26":{"name":"(anonymous_26)","decl":{"start":{"line":258,"column":56},"end":{"line":258,"column":58}},"loc":{"start":{"line":258,"column":62},"end":{"line":260,"column":9}},"line":258},"27":{"name":"(anonymous_27)","decl":{"start":{"line":266,"column":4},"end":{"line":266,"column":21}},"loc":{"start":{"line":266,"column":24},"end":{"line":283,"column":null}},"line":266},"28":{"name":"(anonymous_28)","decl":{"start":{"line":274,"column":56},"end":{"line":274,"column":58}},"loc":{"start":{"line":274,"column":62},"end":{"line":276,"column":9}},"line":274},"29":{"name":"(anonymous_29)","decl":{"start":{"line":285,"column":4},"end":{"line":285,"column":16}},"loc":{"start":{"line":285,"column":19},"end":{"line":296,"column":null}},"line":285},"30":{"name":"(anonymous_30)","decl":{"start":{"line":298,"column":10},"end":{"line":298,"column":24}},"loc":{"start":{"line":298,"column":31},"end":{"line":339,"column":null}},"line":298},"31":{"name":"(anonymous_31)","decl":{"start":{"line":299,"column":27},"end":{"line":299,"column":28}},"loc":{"start":{"line":299,"column":48},"end":{"line":338,"column":9}},"line":299},"32":{"name":"(anonymous_32)","decl":{"start":{"line":302,"column":28},"end":{"line":302,"column":33}},"loc":{"start":{"line":302,"column":41},"end":{"line":331,"column":13}},"line":302},"33":{"name":"(anonymous_33)","decl":{"start":{"line":333,"column":29},"end":{"line":333,"column":30}},"loc":{"start":{"line":333,"column":35},"end":{"line":335,"column":13}},"line":333},"34":{"name":"(anonymous_34)","decl":{"start":{"line":341,"column":4},"end":{"line":341,"column":22}},"loc":{"start":{"line":341,"column":25},"end":{"line":343,"column":null}},"line":341},"35":{"name":"(anonymous_35)","decl":{"start":{"line":345,"column":4},"end":{"line":345,"column":22}},"loc":{"start":{"line":345,"column":29},"end":{"line":347,"column":null}},"line":345}},"branchMap":{"0":{"loc":{"start":{"line":26,"column":8},"end":{"line":28,"column":null}},"type":"if","locations":[{"start":{"line":26,"column":8},"end":{"line":28,"column":null}},{"start":{},"end":{}}],"line":26},"1":{"loc":{"start":{"line":40,"column":8},"end":{"line":42,"column":null}},"type":"if","locations":[{"start":{"line":40,"column":8},"end":{"line":42,"column":null}},{"start":{},"end":{}}],"line":40},"2":{"loc":{"start":{"line":40,"column":12},"end":{"line":40,"column":46}},"type":"binary-expr","locations":[{"start":{"line":40,"column":12},"end":{"line":40,"column":24}},{"start":{"line":40,"column":28},"end":{"line":40,"column":46}}],"line":40},"3":{"loc":{"start":{"line":65,"column":8},"end":{"line":67,"column":null}},"type":"if","locations":[{"start":{"line":65,"column":8},"end":{"line":67,"column":null}},{"start":{},"end":{}}],"line":65},"4":{"loc":{"start":{"line":65,"column":12},"end":{"line":65,"column":46}},"type":"binary-expr","locations":[{"start":{"line":65,"column":12},"end":{"line":65,"column":24}},{"start":{"line":65,"column":28},"end":{"line":65,"column":46}}],"line":65},"5":{"loc":{"start":{"line":70,"column":8},"end":{"line":72,"column":null}},"type":"if","locations":[{"start":{"line":70,"column":8},"end":{"line":72,"column":null}},{"start":{},"end":{}}],"line":70},"6":{"loc":{"start":{"line":77,"column":8},"end":{"line":82,"column":null}},"type":"if","locations":[{"start":{"line":77,"column":8},"end":{"line":82,"column":null}},{"start":{},"end":{}}],"line":77},"7":{"loc":{"start":{"line":77,"column":12},"end":{"line":77,"column":37}},"type":"binary-expr","locations":[{"start":{"line":77,"column":12},"end":{"line":77,"column":22}},{"start":{"line":77,"column":26},"end":{"line":77,"column":37}}],"line":77},"8":{"loc":{"start":{"line":78,"column":60},"end":{"line":78,"column":110}},"type":"binary-expr","locations":[{"start":{"line":78,"column":60},"end":{"line":78,"column":72}},{"start":{"line":78,"column":76},"end":{"line":78,"column":110}}],"line":78},"9":{"loc":{"start":{"line":81,"column":59},"end":{"line":81,"column":109}},"type":"binary-expr","locations":[{"start":{"line":81,"column":59},"end":{"line":81,"column":71}},{"start":{"line":81,"column":75},"end":{"line":81,"column":109}}],"line":81},"10":{"loc":{"start":{"line":84,"column":8},"end":{"line":86,"column":null}},"type":"if","locations":[{"start":{"line":84,"column":8},"end":{"line":86,"column":null}},{"start":{},"end":{}}],"line":84},"11":{"loc":{"start":{"line":100,"column":8},"end":{"line":100,"column":null}},"type":"if","locations":[{"start":{"line":100,"column":8},"end":{"line":100,"column":null}},{"start":{},"end":{}}],"line":100},"12":{"loc":{"start":{"line":109,"column":16},"end":{"line":109,"column":55}},"type":"binary-expr","locations":[{"start":{"line":109,"column":16},"end":{"line":109,"column":50}},{"start":{"line":109,"column":54},"end":{"line":109,"column":55}}],"line":109},"13":{"loc":{"start":{"line":110,"column":16},"end":{"line":110,"column":55}},"type":"binary-expr","locations":[{"start":{"line":110,"column":16},"end":{"line":110,"column":50}},{"start":{"line":110,"column":54},"end":{"line":110,"column":55}}],"line":110},"14":{"loc":{"start":{"line":111,"column":16},"end":{"line":111,"column":61}},"type":"binary-expr","locations":[{"start":{"line":111,"column":16},"end":{"line":111,"column":54}},{"start":{"line":111,"column":58},"end":{"line":111,"column":61}}],"line":111},"15":{"loc":{"start":{"line":112,"column":16},"end":{"line":112,"column":null}},"type":"binary-expr","locations":[{"start":{"line":112,"column":16},"end":{"line":112,"column":55}},{"start":{"line":112,"column":59},"end":{"line":112,"column":null}}],"line":112},"16":{"loc":{"start":{"line":120,"column":16},"end":{"line":120,"column":59}},"type":"binary-expr","locations":[{"start":{"line":120,"column":16},"end":{"line":120,"column":54}},{"start":{"line":120,"column":58},"end":{"line":120,"column":59}}],"line":120},"17":{"loc":{"start":{"line":121,"column":16},"end":{"line":121,"column":59}},"type":"binary-expr","locations":[{"start":{"line":121,"column":16},"end":{"line":121,"column":54}},{"start":{"line":121,"column":58},"end":{"line":121,"column":59}}],"line":121},"18":{"loc":{"start":{"line":122,"column":16},"end":{"line":122,"column":60}},"type":"binary-expr","locations":[{"start":{"line":122,"column":16},"end":{"line":122,"column":54}},{"start":{"line":122,"column":58},"end":{"line":122,"column":60}}],"line":122},"19":{"loc":{"start":{"line":123,"column":16},"end":{"line":123,"column":null}},"type":"binary-expr","locations":[{"start":{"line":123,"column":16},"end":{"line":123,"column":54}},{"start":{"line":123,"column":58},"end":{"line":123,"column":null}}],"line":123},"20":{"loc":{"start":{"line":130,"column":30},"end":{"line":130,"column":67}},"type":"binary-expr","locations":[{"start":{"line":130,"column":30},"end":{"line":130,"column":61}},{"start":{"line":130,"column":65},"end":{"line":130,"column":67}}],"line":130},"21":{"loc":{"start":{"line":132,"column":12},"end":{"line":136,"column":null}},"type":"if","locations":[{"start":{"line":132,"column":12},"end":{"line":136,"column":null}},{"start":{},"end":{}}],"line":132},"22":{"loc":{"start":{"line":140,"column":30},"end":{"line":140,"column":66}},"type":"binary-expr","locations":[{"start":{"line":140,"column":30},"end":{"line":140,"column":60}},{"start":{"line":140,"column":64},"end":{"line":140,"column":66}}],"line":140},"23":{"loc":{"start":{"line":142,"column":12},"end":{"line":148,"column":null}},"type":"if","locations":[{"start":{"line":142,"column":12},"end":{"line":148,"column":null}},{"start":{},"end":{}}],"line":142},"24":{"loc":{"start":{"line":153,"column":16},"end":{"line":153,"column":56}},"type":"binary-expr","locations":[{"start":{"line":153,"column":16},"end":{"line":153,"column":51}},{"start":{"line":153,"column":55},"end":{"line":153,"column":56}}],"line":153},"25":{"loc":{"start":{"line":154,"column":16},"end":{"line":154,"column":56}},"type":"binary-expr","locations":[{"start":{"line":154,"column":16},"end":{"line":154,"column":51}},{"start":{"line":154,"column":55},"end":{"line":154,"column":56}}],"line":154},"26":{"loc":{"start":{"line":155,"column":16},"end":{"line":155,"column":58}},"type":"binary-expr","locations":[{"start":{"line":155,"column":16},"end":{"line":155,"column":51}},{"start":{"line":155,"column":55},"end":{"line":155,"column":58}}],"line":155},"27":{"loc":{"start":{"line":156,"column":16},"end":{"line":156,"column":null}},"type":"binary-expr","locations":[{"start":{"line":156,"column":16},"end":{"line":156,"column":51}},{"start":{"line":156,"column":55},"end":{"line":156,"column":null}}],"line":156},"28":{"loc":{"start":{"line":164,"column":16},"end":{"line":164,"column":55}},"type":"binary-expr","locations":[{"start":{"line":164,"column":16},"end":{"line":164,"column":50}},{"start":{"line":164,"column":54},"end":{"line":164,"column":55}}],"line":164},"29":{"loc":{"start":{"line":165,"column":16},"end":{"line":165,"column":55}},"type":"binary-expr","locations":[{"start":{"line":165,"column":16},"end":{"line":165,"column":50}},{"start":{"line":165,"column":54},"end":{"line":165,"column":55}}],"line":165},"30":{"loc":{"start":{"line":166,"column":16},"end":{"line":166,"column":null}},"type":"binary-expr","locations":[{"start":{"line":166,"column":16},"end":{"line":166,"column":32}},{"start":{"line":166,"column":36},"end":{"line":166,"column":null}}],"line":166},"31":{"loc":{"start":{"line":181,"column":12},"end":{"line":183,"column":null}},"type":"if","locations":[{"start":{"line":181,"column":12},"end":{"line":183,"column":null}},{"start":{},"end":{}}],"line":181},"32":{"loc":{"start":{"line":181,"column":16},"end":{"line":181,"column":38}},"type":"binary-expr","locations":[{"start":{"line":181,"column":16},"end":{"line":181,"column":25}},{"start":{"line":181,"column":29},"end":{"line":181,"column":38}}],"line":181},"33":{"loc":{"start":{"line":194,"column":23},"end":{"line":194,"column":39}},"type":"binary-expr","locations":[{"start":{"line":194,"column":23},"end":{"line":194,"column":29}},{"start":{"line":194,"column":33},"end":{"line":194,"column":39}}],"line":194},"34":{"loc":{"start":{"line":195,"column":21},"end":{"line":195,"column":35}},"type":"binary-expr","locations":[{"start":{"line":195,"column":21},"end":{"line":195,"column":25}},{"start":{"line":195,"column":29},"end":{"line":195,"column":35}}],"line":195},"35":{"loc":{"start":{"line":196,"column":8},"end":{"line":196,"column":null}},"type":"if","locations":[{"start":{"line":196,"column":8},"end":{"line":196,"column":null}},{"start":{},"end":{}}],"line":196},"36":{"loc":{"start":{"line":200,"column":8},"end":{"line":218,"column":null}},"type":"if","locations":[{"start":{"line":200,"column":8},"end":{"line":218,"column":null}},{"start":{},"end":{}}],"line":200},"37":{"loc":{"start":{"line":221,"column":8},"end":{"line":225,"column":null}},"type":"if","locations":[{"start":{"line":221,"column":8},"end":{"line":225,"column":null}},{"start":{},"end":{}}],"line":221},"38":{"loc":{"start":{"line":240,"column":8},"end":{"line":240,"column":null}},"type":"if","locations":[{"start":{"line":240,"column":8},"end":{"line":240,"column":null}},{"start":{},"end":{}}],"line":240},"39":{"loc":{"start":{"line":245,"column":8},"end":{"line":247,"column":null}},"type":"if","locations":[{"start":{"line":245,"column":8},"end":{"line":247,"column":null}},{"start":{},"end":{}}],"line":245},"40":{"loc":{"start":{"line":254,"column":8},"end":{"line":256,"column":null}},"type":"if","locations":[{"start":{"line":254,"column":8},"end":{"line":256,"column":null}},{"start":{},"end":{}}],"line":254},"41":{"loc":{"start":{"line":270,"column":8},"end":{"line":272,"column":null}},"type":"if","locations":[{"start":{"line":270,"column":8},"end":{"line":272,"column":null}},{"start":{},"end":{}}],"line":270},"42":{"loc":{"start":{"line":292,"column":22},"end":{"line":292,"column":60}},"type":"binary-expr","locations":[{"start":{"line":292,"column":22},"end":{"line":292,"column":47}},{"start":{"line":292,"column":51},"end":{"line":292,"column":60}}],"line":292},"43":{"loc":{"start":{"line":310,"column":16},"end":{"line":313,"column":null}},"type":"if","locations":[{"start":{"line":310,"column":16},"end":{"line":313,"column":null}},{"start":{},"end":{}}],"line":310},"44":{"loc":{"start":{"line":315,"column":30},
[...]
76,"column":23}},"loc":{"start":{"line":276,"column":26},"end":{"line":282,"column":null}},"line":276},"31":{"name":"(anonymous_31)","decl":{"start":{"line":284,"column":4},"end":{"line":284,"column":22}},"loc":{"start":{"line":284,"column":25},"end":{"line":294,"column":null}},"line":284},"32":{"name":"(anonymous_32)","decl":{"start":{"line":296,"column":4},"end":{"line":296,"column":27}},"loc":{"start":{"line":296,"column":30},"end":{"line":308,"column":null}},"line":296}},"branchMap":{"0":{"loc":{"start":{"line":34,"column":12},"end":{"line":39,"column":null}},"type":"if","locations":[{"start":{"line":34,"column":12},"end":{"line":39,"column":null}},{"start":{"line":36,"column":19},"end":{"line":39,"column":null}}],"line":34},"1":{"loc":{"start":{"line":49,"column":12},"end":{"line":54,"column":null}},"type":"if","locations":[{"start":{"line":49,"column":12},"end":{"line":54,"column":null}},{"start":{"line":51,"column":19},"end":{"line":54,"column":null}}],"line":49},"2":{"loc":{"start":{"line":91,"column":12},"end":{"line":93,"column":null}},"type":"if","locations":[{"start":{"line":91,"column":12},"end":{"line":93,"column":null}},{"start":{},"end":{}}],"line":91},"3":{"loc":{"start":{"line":91,"column":16},"end":{"line":91,"column":46}},"type":"binary-expr","locations":[{"start":{"line":91,"column":16},"end":{"line":91,"column":21}},{"start":{"line":91,"column":25},"end":{"line":91,"column":46}}],"line":91},"4":{"loc":{"start":{"line":112,"column":8},"end":{"line":116,"column":null}},"type":"if","locations":[{"start":{"line":112,"column":8},"end":{"line":116,"column":null}},{"start":{"line":114,"column":15},"end":{"line":116,"column":null}}],"line":112},"5":{"loc":{"start":{"line":112,"column":12},"end":{"line":112,"column":77}},"type":"binary-expr","locations":[{"start":{"line":112,"column":12},"end":{"line":112,"column":37}},{"start":{"line":112,"column":41},"end":{"line":112,"column":77}}],"line":112},"6":{"loc":{"start":{"line":114,"column":15},"end":{"line":116,"column":null}},"type":"if","locations":[{"start":{"line":114,"column":15},"end":{"line":116,"column":null}},{"start":{},"end":{}}],"line":114},"7":{"loc":{"start":{"line":120,"column":8},"end":{"line":120,"column":null}},"type":"if","locations":[{"start":{"line":120,"column":8},"end":{"line":120,"column":null}},{"start":{},"end":{}}],"line":120},"8":{"loc":{"start":{"line":134,"column":8},"end":{"line":136,"column":null}},"type":"if","locations":[{"start":{"line":134,"column":8},"end":{"line":136,"column":null}},{"start":{},"end":{}}],"line":134},"9":{"loc":{"start":{"line":135,"column":60},"end":{"line":135,"column":76}},"type":"binary-expr","locations":[{"start":{"line":135,"column":60},"end":{"line":135,"column":70}},{"start":{"line":135,"column":74},"end":{"line":135,"column":76}}],"line":135},"10":{"loc":{"start":{"line":139,"column":8},"end":{"line":145,"column":null}},"type":"if","locations":[{"start":{"line":139,"column":8},"end":{"line":145,"column":null}},{"start":{"line":142,"column":15},"end":{"line":145,"column":null}}],"line":139},"11":{"loc":{"start":{"line":144,"column":60},"end":{"line":144,"column":85}},"type":"binary-expr","locations":[{"start":{"line":144,"column":60},"end":{"line":144,"column":72}},{"start":{"line":144,"column":76},"end":{"line":144,"column":85}}],"line":144},"12":{"loc":{"start":{"line":148,"column":8},"end":{"line":154,"column":null}},"type":"if","locations":[{"start":{"line":148,"column":8},"end":{"line":154,"column":null}},{"start":{"line":151,"column":15},"end":{"line":154,"column":null}}],"line":148},"13":{"loc":{"start":{"line":153,"column":58},"end":{"line":153,"column":81}},"type":"binary-expr","locations":[{"start":{"line":153,"column":58},"end":{"line":153,"column":68}},{"start":{"line":153,"column":72},"end":{"line":153,"column":81}}],"line":153},"14":{"loc":{"start":{"line":156,"column":56},"end":{"line":156,"column":78}},"type":"binary-expr","locations":[{"start":{"line":156,"column":56},"end":{"line":156,"column":73}},{"start":{"line":156,"column":77},"end":{"line":156,"column":78}}],"line":156},"15":{"loc":{"start":{"line":165,"column":8},"end":{"line":165,"column":null}},"type":"if","locations":[{"start":{"line":165,"column":8},"end":{"line":165,"column":null}},{"start":{},"end":{}}],"line":165},"16":{"loc":{"start":{"line":165,"column":12},"end":{"line":165,"column":59}},"type":"binary-expr","locations":[{"start":{"line":165,"column":12},"end":{"line":165,"column":18}},{"start":{"line":165,"column":22},"end":{"line":165,"column":59}}],"line":165},"17":{"loc":{"start":{"line":181,"column":8},"end":{"line":185,"column":null}},"type":"if","locations":[{"start":{"line":181,"column":8},"end":{"line":185,"column":null}},{"start":{"line":183,"column":15},"end":{"line":185,"column":null}}],"line":181},"18":{"loc":{"start":{"line":193,"column":8},"end":{"line":199,"column":null}},"type":"if","locations":[{"start":{"line":193,"column":8},"end":{"line":199,"column":null}},{"start":{"line":196,"column":15},"end":{"line":199,"column":null}}],"line":193},"19":{"loc":{"start":{"line":202,"column":8},"end":{"line":208,"column":null}},"type":"if","locations":[{"start":{"line":202,"column":8},"end":{"line":208,"column":null}},{"start":{"line":205,"column":15},"end":{"line":208,"column":null}}],"line":202},"20":{"loc":{"start":{"line":216,"column":8},"end":{"line":242,"column":null}},"type":"if","locations":[{"start":{"line":216,"column":8},"end":{"line":242,"column":null}},{"start":{"line":229,"column":15},"end":{"line":242,"column":null}}],"line":216},"21":{"loc":{"start":{"line":218,"column":12},"end":{"line":228,"column":null}},"type":"switch","locations":[{"start":{"line":219,"column":16},"end":{"line":221,"column":null}},{"start":{"line":222,"column":16},"end":{"line":224,"column":null}},{"start":{"line":225,"column":16},"end":{"line":227,"column":null}}],"line":218},"22":{"loc":{"start":{"line":231,"column":12},"end":{"line":241,"column":null}},"type":"switch","locations":[{"start":{"line":232,"column":16},"end":{"line":234,"column":null}},{"start":{"line":235,"column":16},"end":{"line":237,"column":null}},{"start":{"line":238,"column":16},"end":{"line":240,"column":null}}],"line":231},"23":{"loc":{"start":{"line":247,"column":8},"end":{"line":247,"column":null}},"type":"if","locations":[{"start":{"line":247,"column":8},"end":{"line":247,"column":null}},{"start":{},"end":{}}],"line":247},"24":{"loc":{"start":{"line":247,"column":12},"end":{"line":247,"column":34}},"type":"binary-expr","locations":[{"start":{"line":247,"column":12},"end":{"line":247,"column":18}},{"start":{"line":247,"column":22},"end":{"line":247,"column":34}}],"line":247},"25":{"loc":{"start":{"line":249,"column":8},"end":{"line":271,"column":null}},"type":"if","locations":[{"start":{"line":249,"column":8},"end":{"line":271,"column":null}},{"start":{"line":264,"column":15},"end":{"line":271,"column":null}}],"line":249},"26":{"loc":{"start":{"line":250,"column":12},"end":{"line":263,"column":null}},"type":"switch","locations":[{"start":{"line":251,"column":16},"end":{"line":253,"column":null}},{"start":{"line":254,"column":16},"end":{"line":256,"column":null}},{"start":{"line":257,"column":16},"end":{"line":259,"column":null}},{"start":{"line":260,"column":16},"end":{"line":262,"column":null}}],"line":250},"27":{"loc":{"start":{"line":264,"column":15},"end":{"line":271,"column":null}},"type":"if","locations":[{"start":{"line":264,"column":15},"end":{"line":271,"column":null}},{"start":{},"end":{}}],"line":264},"28":{"loc":{"start":{"line":266,"column":23},"end":{"line":266,"column":62}},"type":"cond-expr","locations":[{"start":{"line":266,"column":42},"end":{"line":266,"column":58}},{"start":{"line":266,"column":61},"end":{"line":266,"column":62}}],"line":266},"29":{"loc":{"start":{"line":267,"column":23},"end":{"line":267,"column":62}},"type":"cond-expr","locations":[{"start":{"line":267,"column":42},"end":{"line":267,"column":58}},{"start":{"line":267,"column":61},"end":{"line":267,"column":62}}],"line":267},"30":{"loc":{"start":{"line":268,"column":12},"end":{"line":270,"column":null}},"type":"if","locations":[{"start":{"line":268,"column":12},"end":{"line":270,"column":null}},{"start":{},"end":{}}],"line":268},"31":{"loc":{"start":{"line":268,"column":16},"end":{"line":268,"column":36}},"type":"binary-expr","locations":[{"start":{"line":268,"column":16},"end":{"line":268,"column":24}},{"start":{"line":268,"column":28},"end":{"line":268,"column":36}}],"line":268},"32":{"loc":{"start":{"line":278,"column":8},"end":{"line":281,"column":null}},"type":"if","locations":[{"start":{"line":278,"column":8},"end":{"line":281,"column":null}},{"start":{},"end":{}}],"line":278},"33":{"loc":{"start":{"line":286,"column":8},"end":{"line":293,"column":null}},"type":"if","locations":[{"start":{"line":286,"column":8},"end":{"line":293,"column":null}},{"start":{},"end":{}}],"line":286},"34":{"loc":{"start":{"line":286,"column":12},"end":{"line":286,"column":46}},"type":"binary-expr","locations":[{"start":{"line":286,"column":12},"end":{"line":286,"column":17}},{"start":{"line":286,"column":21},"end":{"line":286,"column":46}}],"line":286},"35":{"loc":{"start":{"line":288,"column":12},"end":{"line":292,"column":null}},"type":"if","locations":[{"start":{"line":288,"column":12},"end":{"line":292,"column":null}},{"start":{"line":290,"column":19},"end":{"line":292,"column":null}}],"line":288},"36":{"loc":{"start":{"line":288,"column":16},"end":{"line":288,"column":81}},"type":"binary-expr","locations":[{"start":{"line":288,"column":16},"end":{"line":288,"column":38}},{"start":{"line":288,"column":42},"end":{"line":288,"column":81}}],"line":288},"37":{"loc":{"start":{"line":290,"column":19},"end":{"line":292,"column":null}},"type":"if","locations":[{"start":{"line":290,"column":19},"end":{"line":292,"column":null}},{"start":{},"end":{}}],"line":290},"38":{"loc":{"start":{"line":298,"column":8},"end":{"line":307,"column":null}},"type":"if","locations":[{"start":{"line":298,"column":8},"end":{"line":307,"column":null}},{"start":{},"end":{}}],"line":298},"39":{"loc":{"start":{"line":298,"column":12},"end":{"line":298,"column":46}},"type":"binary-expr","locations":[{"start":{"line":298,"column":12},"end":{"line":298,"column":17}},{"start":{"line":298,"column":21},"end":{"line":298,"column":46}}],"line":298},"40":{"loc":{"start":{"line":300,"column":12},"end":{"line":306,"column":null}},"type":"if","locations":[{"start":{"line":300,"column":12},"end":{"line":306,"column":null}},{"start":{"line":304,"column":19},"end":{"line":306,"column":null}}],"line":300},"41":{"loc":{"start":{"line":301,"column":16},"end":{"line":303,"column":null}},"type":"if","locations":[{"start":{"line":301,"column":16},"end":{"line":303,"column":null}},{"start":{},"end":{}}],"line":301}},"s":{"0":0,"1":0,"2":0,"3":0,"4":0,"5":0,"6":0,"7":0,"8":0,"9":0,"10":0,"11":0,"12":0,"13":0,"14":0,"15":0,"16":0,"17":0,"18":0,"19":0,"20":0,"21":0,"22":0,"23":0,"24":0,"25":0,"26":0,"27":0,"28":0,"29":0,"30":0,"31":0,"32":0,"33":0,"34":0,"35":0,"36":0,"37":0,"38":0,"39":0,"40":0,"41":0,"42":0,"43":0,"44":0,"45":0,"46":0,"47":0,"48":0,"49":0,"50":0,"51":0,"52":0,"53":0,"54":0,"55":0,"56":0,"57":0,"58":0,"59":0,"60":0,"61":0,"62":0,"63":0,"64":0,"65":0,"66":0,"67":0,"68":0,"69":0,"70":0,"71":0,"72":0,"73":0,"74":0,"75":0,"76":0,"77":0,"78":0,"79":0,"80":0,"81":0,"82":0,"83":0,"84":0,"85":0,"86":0,"87":0,"88":0,"89":0,"90":0,"91":0,"92":0,"93":0,"94":0,"95":0,"96":0,"97":0,"98":0,"99":0,"100":0,"101":0,"102":0,"103":0,"104":0,"105":0,"106":0,"107":0,"108":0,"109":0,"110":0,"111":0,"112":0,"113":0,"114":0,"115":0,"116":0,"117":0,"118":0,"119":0,"120":0,"121":0,"122":0,"123":0,"124":0,"125":0,"126":0,"127":0,"128":0,"129":0,"130":0,"131":0,"132":0,"133":0,"134":0,"135":0,"136":0,"137":0,"138":0,"139":0,"140":0,"141":0,"142":0,"143":0,"144":0,"145":0,"146":0,"147":0,"148":0,"149":0,"150":0,"151":0,"152":0,"153":0,"154":0,"155":0,"156":0,"157":0,"158":0,"159":0,"160":0,"161":0,"162":0,"163":0,"164":0,"165":0,"166":0,"167":0,"168":0,"169":0,"170":0,"171":0,"172":0},"f":{"0":0,"1":0,"2":0,"3":0,"4":0,"5":0,"6":0,"7":0,"8":0,"9":0,"10":0,"11":0,"12":0,"13":0,"14":0,"15":0,"16":0,"17":0,"18":0,"19":0,"20":0,"21":0,"22":0,"23":0,"24":0,"25":0,"26":0,"27":0,"28":0,"29":0,"30":0,"31":0,"32":0},"b":{"0":[0,0],"1":[0,0],"2":[0,0],"3":[0,0],"4":[0,0],"5":[0,0],"6":[0,0],"7":[0,0],"8":[0,0],"9":[0,0],"10":[0,0],"11":[0,0],"12":[0,0],"13":[0,0],"14":[0,0],"15":[0,0],"16":[0,0],"17":[0,0],"18":[0,0],"19":[0,0],"20":[0,0],"21":[0,0,0],"22":[0,0,0],"23":[0,0],"24":[0,0],"25":[0,0],"26":[0,0,0,0],"27":[0,0],"28":[0,0],"29":[0,0],"30":[0,0],"31":[0,0],"32":[0,0],"33":[0,0],"34":[0,0],"35":[0,0],"36":[0,0],"37":[0,0],"38":[0,0],"39":[0,0],"40":[0,0],"41":[0,0]},"meta":{"lastBranch":42,"lastFunction":33,"lastStatement":173,"seen":{"f:2:4:2:15":0,"s:3:8:3:Infinity":0,"s:4:8:4:Infinity":1,"s:5:8:5:Infinity":2,"s:6:8:6:Infinity":3,"s:7:8:7:Infinity":4,"s:8:8:8:Infinity":5,"s:9:8:9:Infinity":6,"s:11:8:11:Infinity":7,"s:12:8:12:Infinity":8,"s:13:8:13:Infinity":9,"s:15:8:15:Infinity":10,"s:17:8:17:Infinity":11,"f:20:4:20:23":1,"s:21:8:25:Infinity":12,"f:21:33:21:36":2,"s:22:12:24:Infinity":13,"f:22:42:22:43":3,"s:23:16:23:Infinity":14,"s:27:8:30:Infinity":15,"f:27:74:27:75":4,"s:28:12:28:Infinity":16,"s:29:12:29:Infinity":17,"s:32:8:40:Infinity":18,"f:32:53:32:54":5,"s:33:29:33:74":19,"b:34:12:39:Infinity:36:19:39:Infinity":0,"s:34:12:39:Infinity":20,"s:35:16:35:Infinity":21,"s:37:36:37:81":22,"s:38:16:38:Infinity":23,"s:42:8:45:Infinity":24,"f:42:72:42:73":6,"s:43:12:43:Infinity":25,"s:44:12:44:Infinity":26,"s:47:8:55:Infinity":27,"f:47:51:47:52":7,"s:48:29:48:72":28,"b:49:12:54:Infinity:51:19:54:Infinity":1,"s:49:12:54:Infinity":29,"s:50:16:50:Infinity":30,"s:52:34:52:77":31,"s:53:16:53:Infinity":32,"s:57:8:59:Infinity":33,"f:57:74:57:75":8,"s:58:12:58:Infinity":34,"s:61:8:63:Infinity":35,"f:61:78:61:79":9,"s:62:12:62:Infinity":36,"s:65:8:67:Infinity":37,"f:65:75:65:76":10,"s:66:12:66:Infinity":38,"s:69:8:71:Infinity":39,"f:69:78:69:79":11,"s:70:12:70:Infinity":40,"s:73:8:75:Infinity":41,"f:73:69:73:70":12,"s:74:12:74:Infinity":42,"s:77:8:79:Infinity":43,"f:77:69:77:70":13,"s:78:12:78:Infinity":44,"s:81:8:83:Infinity":45,"f:81:73:81:74":14,"s:82:12:82:Infinity":46,"s:85:8:87:Infinity":47,"f:85:74:85:75":15,"s:86:12:86:Infinity":48,"s:89:8:94:Infinity":49,"f:89:74:89:75":16,"s:90:26:90:53":50,"b:91:12:93:Infinity:undefined:undefined:undefined:undefined":2,"s:91:12:93:Infinity":51,"b:91:16:91:21:91:25:91:46":3,"s:92:16:92:Infinity":52,"s:96:8:96:Infinity":53,"f:96:38:96:39":17,"s:96:49:96:80":54,"s:97:8:97:Infinity":55,"f:97:40:97:41":18,"s:97:46:97:72":56,"s:98:8:98:Infinity":57,"f:98:37:98:38":19,"s:98:48:98:80":58,"s:99:8:99:Infinity":59,"f:99:36:99:37":20,"s:99:46:99:69":60,"f:102:4:102:17":21,"s:103:8:103:Infinity":61,"f:106:4:106:16":22,"s:107:8:109:Infinity":62,"f:107:33:107:36":23,"s:108:12:108:Infinity":63,"b:112:8:116:Infinity:114:15:116:Infinity":4,"s:112:8:116:Infinity":64,"b:112:12:112:37:112:41:112:77":5,"s:113:12:113:Infinity":65,"b:114:15:116:Infinity:undefined:undefined:undefined:undefined":6,"s:114:15:116:Infinity":66,"s:115:12:115:Infinity":67,"f:119:4:119:23":24,"b:120:8:120:Infinity:undefined:undefined:undefined:undefined":7,"s:120:8:120:Infinity":68,"s:120:20:120:Infinity":69,"s:123:8:123:Infinity":70,"s:124:8:124:Infinity":71,"s:125:8:125:Infinity":72,"s:128:28:128:54":73,"s:129:8:129:Infinity":74,"s:132:23:132:44":75,"s:133:8:133:Infinity":76,"b:134:8:136:Infinity:undefined:undefined:undefined:undefined":8,"s:134:8:136:Infinity":77,"s:135:12:135:Infinity":78,"b:135:60:135:70:135:74:135:76":9,"b:139:8:145:Infinity:142:15:145:Infinity":10,"s:139:8:145:Infinity":79,"s:140:12:140:Infinity":80,"s:141:12:141:Infinity":81,"s:143:12:143:Infinity":82,"s:144:12:144:Infinity":83,"b:144:60:144:72:144:76:144:85":11,"b:148:8:154:Infinity:151:15:154:Infinity":12,"s:148:8:154:Infinity":84,"s:149:12:149:Infinity":85,"s:150:12:150:Infinity":86,"s:152:12:152:Infinity":87,"s:153:12:153:Infinity":88,"b:153:58:153:68:153:72:153:81":13,"s:156:8:156:Infinity":89,"b:156:56:156:73:156:77:156:78":14,"s:159:8:159:Infinity":90,"s:161:8:161:Infinity":91,"f:164:4:164:24":25,"b:165:8:165:Infinity:undefined:undefined:undefined:undefined":15,"s:165:8:165:Infinity":92,"b:165:12:165:18:165:22:165:59":16,"s:165:61:165:Infinity":93,"s:167:23:167:40":94,"s:168:8:168:Infinity":95,"s:169:8:169:Infinity":96,"s:170:8:170:Infinity":97,"s:171:8:171:Infinity":98,"f:174:4:174:23":26,"s:175:8:175:Infinity":99,"s:176:8:176:Infinity":100,"s:177:8:177:Infinity":101,"s:178:8:178:Infinity":102,"b:181:8:185:Infinity:183:15:185:Infinity":17,"s:181:8:185:Infinity":103,"s:182:12:182:Infinity":104,"s:184:12:184:Infinity":105,"f:188:4:188:21":27,"s:189:8:189:Infinity":106,"s:190:8:190:Infinity":107,"b:193:8:199:Infinity:196:15:199:Infinity":18,"s:193:8:199:Infinity":108,"s:194:12:194:Infinity":109,"s:195:12:195:Infinity":110,"s:197:12:197:Infinity":111,"s:198:12:198:Infinity":112,"b:202:8:208:Infinity:205:15:208:Infinity":19,"s:202:8:208:Infinity":113,"s:203:12:203:Infinity":114,"s:204:12:204:Infinity":115,"s:206:12:206:Infinity":116,"s:207:12:207:Infinity":117,"s:210:8:210:Infinity":118,"f:213:4:213:31":28,"s:214:22:214:69":119,"b:216:8:242:Infinity:229:15:242:Infinity":20,"s:216:8:242:Infinity":120,"b:219:16:221:Infinity:222:16:224:Infinity:225:16:227:Infinity":21,"s:218:12:228:Infinity":121,"s:220:20:220:Infinity":122,"s:221:20:221:Infinity":123,"s:223:20:223:Infinity":124,"s:224:20:224:Infinity":125,"s:226:20:226:Infinity":126,"s:227:20:227:Infinity":127,"b:232:16:234:Infinity:235:16:237:Infinity:238:16:240:Infinity":22,"s:231:12:241:Infinity":128,"s:233:20:233:Infinity":129,"s:234:20:234:Infinity":130,"s:236:20:236:Infinity":131,"s:237:20:237:Infinity":132,"s:239:20:239:Infinity":133,"s:240:20:240:Infinity":134,"f:245:4:245:23":29,"s:246:22:246:49":135,"b:247:8:247:Infinity:undefined:undefined:undefined:undefined":23,"s:247:8:247:Infinity":136,"b:247:12:247:18:247:22:247:34":24,"s:247:36:247:Infinity":137,"b:249:8:271:Infinity:264:15:271:Infinity":25,"s:249:8:271:Infinity":138,"b:251:16:253:Infinity:254:16:256:Infinity:257:16:259:Infinity:260:16:262:Infinity":26,"s:250:12:263:Infinity":139,"s:252:20:252:Infinity":140,"s:253:20:253:Infinity":141,"s:255:20:255:Infinity":142,"s:256:20:256:Infinity":143,"s:258:20:258:Infinity":144,"s:259:20:259:Infinity":145,"s:261:20:261:Infinity":146,"s:262:20:262:Infinity":147,"b:264:15:271:Infinity:undefined:undefined:undefined:undefined":27,"s:264:15:271:Infinity":148,"s:265:27:265:44":149,"s:266:23:266:62":150,"b:266:42:266:58:266:61:266:62":28,"s:267:23:267:62":151,"b:267:42:267:58:267:61:267:62":29,"b:268:12:270:Infinity:undefined:undefined:undefined:undefined":30,"s:268:12:270:Infinity":152,"b:268:16:268:24:268:28:268:36":31,"s:269:16:269:Infinity":153,"s:273:8:273:Infinity":154,"f:276:4:276:23":30,"s:277:22:277:49":155,"b:278:8:281:Infinity:undefined:undefined:undefined:undefined":32,"s:278:8:281:Infinity":156,"s:279:12:279:Infinity":157,"s:280:12:280:Infinity":158,"f:284:4:284:22":31,"s:285:22:285:49":159,"b:286:8:293:Infinity:undefined:undefined:undefined:undefined":33,"s:286:8:293:Infinity":160,"b:286:12:286:17:286:21:286:46":34,"s:287:34:287:79":161,"b:288:12:292:Infinity:290:19:292:Infinity":35,"s:288:12:292:Infinity":162,"b:288:16:288:38:288:42:288:81":36,"s:289:16:289:Infinity":163,"b:290:19:292:Infinity:undefined:undefined:undefined:undefined":37,"s:290:19:292:Infinity":164,"s:291:16:291:Infinity":165,"f:296:4:296:27":32,"s:297:22:297:49":166,"b:298:8:307:Infinity:undefined:undefined:undefined:undefined":38,"s:298:8:307:Infinity":167,"b:298:12:298:17:298:21:298:46":39,"s:299:34:299:79":168,"b:300:12:306:Infinity:304:19:306:Infinity":40,"s:300:12:306:Infinity":169,"b:301:16:303:Infinity:undefined:undefined:undefined:undefined":41,"s:301:16:303:Infinity":170,"s:302:20:302:Infinity":171,"s:305:16:305:Infinity":172}}}
}
